2025-10-25 18:11:41,578 - __main__ - INFO - Deal Finder starting
2025-10-25 18:11:41,579 - __main__ - INFO - Therapeutic Area: immunology_inflammation
2025-10-25 18:11:41,580 - __main__ - INFO - Date range: 2021-01-01 to 2025-10-25
2025-10-25 18:11:41,580 - __main__ - INFO - Loaded TA vocabulary: immunology_inflammation
2025-10-25 18:11:41,582 - deal_finder.discovery.crawler - INFO - Using free sources: Google News + RSS feeds (local mode)
2025-10-25 18:11:41,583 - deal_finder.pipeline - INFO - Starting deal finder pipeline [run_id: a53c0884]
2025-10-25 18:11:41,583 - deal_finder.pipeline - INFO - Cycle 1, dry_runs=0
2025-10-25 18:11:41,583 - deal_finder.pipeline - INFO - Starting discovery cycle
2025-10-25 18:11:41,685 - deal_finder.discovery.free_sources - INFO - Fetched 25 articles from RSS feed
2025-10-25 18:11:41,777 - deal_finder.discovery.free_sources - INFO - Fetched 25 articles from RSS feed
2025-10-25 18:11:41,926 - deal_finder.discovery.free_sources - INFO - Fetched 10 articles from RSS feed
2025-10-25 18:11:42,131 - deal_finder.discovery.free_sources - INFO - Fetched 30 articles from RSS feed
2025-10-25 18:11:42,131 - deal_finder.discovery.free_sources - INFO - Found 20 articles from RSS feeds
2025-10-25 18:11:42,131 - deal_finder.discovery.free_sources - INFO - Total articles found: 20
2025-10-25 18:11:42,180 - deal_finder.discovery.free_sources - INFO - Fetched 25 articles from RSS feed
2025-10-25 18:11:42,226 - deal_finder.discovery.free_sources - INFO - Fetched 25 articles from RSS feed
2025-10-25 18:11:42,308 - deal_finder.discovery.free_sources - INFO - Fetched 10 articles from RSS feed
2025-10-25 18:11:42,400 - deal_finder.discovery.free_sources - INFO - Fetched 30 articles from RSS feed
2025-10-25 18:11:42,400 - deal_finder.discovery.free_sources - INFO - Found 20 articles from RSS feeds
2025-10-25 18:11:42,400 - deal_finder.discovery.free_sources - INFO - Total articles found: 20
2025-10-25 18:11:42,440 - deal_finder.discovery.free_sources - INFO - Fetched 25 articles from RSS feed
2025-10-25 18:11:42,485 - deal_finder.discovery.free_sources - INFO - Fetched 25 articles from RSS feed
2025-10-25 18:11:42,567 - deal_finder.discovery.free_sources - INFO - Fetched 10 articles from RSS feed
2025-10-25 18:11:42,636 - deal_finder.discovery.free_sources - INFO - Fetched 30 articles from RSS feed
2025-10-25 18:11:42,636 - deal_finder.discovery.free_sources - INFO - Found 20 articles from RSS feeds
2025-10-25 18:11:42,636 - deal_finder.discovery.free_sources - INFO - Total articles found: 20
2025-10-25 18:11:42,681 - deal_finder.discovery.free_sources - INFO - Fetched 25 articles from RSS feed
2025-10-25 18:11:42,727 - deal_finder.discovery.free_sources - INFO - Fetched 25 articles from RSS feed
2025-10-25 18:11:42,807 - deal_finder.discovery.free_sources - INFO - Fetched 10 articles from RSS feed
2025-10-25 18:11:43,029 - deal_finder.discovery.free_sources - INFO - Fetched 30 articles from RSS feed
2025-10-25 18:11:43,029 - deal_finder.discovery.free_sources - INFO - Found 20 articles from RSS feeds
2025-10-25 18:11:43,029 - deal_finder.discovery.free_sources - INFO - Total articles found: 20
2025-10-25 18:11:43,072 - deal_finder.discovery.free_sources - INFO - Fetched 25 articles from RSS feed
2025-10-25 18:11:43,117 - deal_finder.discovery.free_sources - INFO - Fetched 25 articles from RSS feed
2025-10-25 18:11:43,188 - deal_finder.discovery.free_sources - INFO - Fetched 10 articles from RSS feed
2025-10-25 18:11:43,264 - deal_finder.discovery.free_sources - INFO - Fetched 30 articles from RSS feed
2025-10-25 18:11:43,265 - deal_finder.discovery.free_sources - INFO - Found 20 articles from RSS feeds
2025-10-25 18:11:43,265 - deal_finder.discovery.free_sources - INFO - Total articles found: 20
2025-10-25 18:11:43,265 - deal_finder.discovery.crawler - INFO - Discovered 41 unique URLs via free sources
2025-10-25 18:11:43,265 - deal_finder.pipeline - INFO - Processing https://www.fiercebiotech.com/biotech/lillys-buys-cash-strapped-adverum-its-phase-3-stage-eye-disease-gene-therapy
2025-10-25 18:11:43,360 - deal_finder.pipeline - INFO - Processing https://www.fiercebiotech.com/biotech/fierce-15-where-are-they-now-1
2025-10-25 18:11:43,361 - deal_finder.pipeline - INFO - Processing https://www.fiercebiotech.com/biotech/chutes-ladders-former-aurion-chief-vaults-valitor
2025-10-25 18:11:43,361 - deal_finder.pipeline - INFO - Processing https://www.fiercebiotech.com/biotech/inhibrx-intends-fda-submission-after-antibody-scores-ph-2-win-rare-bone-cancer
2025-10-25 18:11:43,361 - deal_finder.pipeline - INFO - Processing https://www.fiercebiotech.com/biotech/moderna-scraps-congenital-virus-program-after-vaccine-shows-little-protective-effect-phase
2025-10-25 18:11:43,361 - deal_finder.pipeline - INFO - Processing https://www.fiercebiotech.com/biotech/alector-nearly-halves-staff-after-gsk-partnered-antibody-flops-ph-3-dementia-trial
2025-10-25 18:11:43,361 - deal_finder.pipeline - INFO - Processing https://www.fiercebiotech.com/biotech/fierce-biotech-layoff-tracker-2025
2025-10-25 18:11:43,361 - deal_finder.pipeline - INFO - Processing https://www.fiercebiotech.com/biotech/ipsen-writes-check-worth-eu1b-acquire-next-gen-cancer-biotech
2025-10-25 18:11:43,361 - deal_finder.pipeline - INFO - Processing https://www.fiercebiotech.com/biotech/fierce-biotech-fundraising-tracker-25
2025-10-25 18:11:43,361 - deal_finder.pipeline - INFO - Processing https://www.genengnews.com/multimedia/webinars/tackling-antimicrobial-resistance-and-glioblastoma-with-biology-first-ai-models/
2025-10-25 18:11:43,448 - deal_finder.pipeline - INFO - Processing https://www.genengnews.com/topics/infectious-diseases/engineered-sweet-smelling-fungus-lures-mosquitoes-to-their-death/
2025-10-25 18:11:43,449 - deal_finder.pipeline - INFO - Processing https://www.genengnews.com/topics/artificial-intelligence/artificial-intelligence-in-the-emerald-city-and-targeting-colon-cancer-stem-cells/
2025-10-25 18:11:43,449 - deal_finder.pipeline - INFO - Processing https://www.genengnews.com/topics/omics/real-time-epigenetic-sensor-tracks-post-translational-modification-dynamics/
2025-10-25 18:11:43,449 - deal_finder.pipeline - INFO - Processing https://www.genengnews.com/topics/translational-medicine/insights-into-lipid-nanoparticle-structures-could-pave-the-way-to-more-targeted-therapeutics/
2025-10-25 18:11:43,449 - deal_finder.pipeline - INFO - Processing https://www.genengnews.com/topics/translational-medicine/obesity-and-fat-metabolism-a-new-role-for-nuclear-hsl/
2025-10-25 18:11:43,449 - deal_finder.pipeline - INFO - Processing https://www.genengnews.com/topics/translational-medicine/hitchhiking-dna-in-c-elegans-solves-telomerase-puzzle-with-regenerative-promise/
2025-10-25 18:11:43,449 - deal_finder.pipeline - INFO - Processing https://www.genengnews.com/topics/translational-medicine/real-time-embryo-imaging-raises-questions-about-ivf-screening-accuracy/
2025-10-25 18:11:43,449 - deal_finder.pipeline - INFO - Processing https://www.genengnews.com/topics/omics/10x-roche-prognosys-sue-illumina-over-spatial-and-single-cell-patents/
2025-10-25 18:11:43,449 - deal_finder.pipeline - INFO - Processing https://www.genengnews.com/topics/cancer/kinase-inhibitor-shows-promise-in-children-with-ewing-sarcoma/
2025-10-25 18:11:43,449 - deal_finder.pipeline - INFO - Processing https://www.biopharminternational.com/view/biotech-equipment-market-to-approach-144b-by-2030-implications-for-pharma-r-d
2025-10-25 18:11:44,671 - deal_finder.pipeline - INFO - Processing https://www.biopharminternational.com/view/from-parm-to-pharm-avantor-p-chip-bring-coi-compliance-to-clinical-consumables
2025-10-25 18:11:44,726 - deal_finder.pipeline - INFO - Processing https://www.fiercebiotech.com/medtech/thermo-fisher-sales-jump-5-amid-new-launches-approvals
2025-10-25 18:11:44,726 - deal_finder.pipeline - INFO - Processing https://www.fiercepharma.com/pharma/fierce-pharma-regulatory-tracker-second-half-2025
2025-10-25 18:11:44,798 - deal_finder.pipeline - INFO - Processing https://www.fiercepharma.com/pharma/fierce-pharma-asia-licensing-deal-flow-china-crackdown-warning-and-esmo-readouts
2025-10-25 18:11:44,798 - deal_finder.pipeline - INFO - Processing https://www.fiercepharma.com/marketing/astellas-taps-social-media-star-babs-costello-promote-izervay-geographic-atrophy
2025-10-25 18:11:44,798 - deal_finder.pipeline - INFO - Processing https://www.fiercepharma.com/marketing/havas-lynx-presses-pharma-take-action-against-health-misinformation
2025-10-25 18:11:44,798 - deal_finder.pipeline - INFO - Processing https://www.fiercepharma.com/pharma/roche-reports-softer-expected-third-quarter-while-stressing-loe-endurance-coming-years
2025-10-25 18:11:44,800 - deal_finder.pipeline - INFO - Processing https://www.fiercepharma.com/manufacturing/fda-cites-nephron-again-ongoing-issues-generics-manufacturer-has-failed-address
2025-10-25 18:11:44,800 - deal_finder.pipeline - INFO - Processing https://www.fiercepharma.com/manufacturing/merck-kgaa-mothball-operations-ireland-api-plant-end-2028
2025-10-25 18:11:44,800 - deal_finder.pipeline - INFO - Processing https://www.fiercepharma.com/pharma/alkermes-pays-21b-acquire-avadel-and-its-long-acting-narcolepsy-drug-lumryz
2025-10-25 18:11:44,800 - deal_finder.pipeline - INFO - Processing https://www.fiercepharma.com/marketing/real-chemistry-taps-ai-stay-top-fdas-torrent-marketing-letters
2025-10-25 18:11:44,800 - deal_finder.pipeline - INFO - Processing https://www.fiercepharma.com/pharma/trump-admin-eyes-fresh-tariffs-reported-probe-other-nations-drug-pricing-ft
2025-10-25 18:11:44,800 - deal_finder.pipeline - INFO - Processing https://www.fiercepharma.com/marketing/translation-just-tip-iceberg-how-pharma-marketers-are-reaching-hispanic-audiences
2025-10-25 18:11:44,800 - deal_finder.pipeline - INFO - Processing https://www.biopharminternational.com/view/sk-pharmteco-invests-in-california-site-to-overcome-peptide-purification-bottlenecks
2025-10-25 18:11:44,896 - deal_finder.pipeline - INFO - Processing https://www.biopharminternational.com/view/ask-the-expert-commenting-on-draft-regulations
2025-10-25 18:11:44,966 - deal_finder.pipeline - INFO - Processing https://www.biopharminternational.com/view/a-teem-a-novel-powerful-tool-for-evaluating-and-monitoring-cell-culture-media
2025-10-25 18:11:45,883 - deal_finder.pipeline - INFO - Processing https://www.biopharminternational.com/view/cphi-frankfurt-2025-highlights-global-pharma-innovation-and-manufacturing-leadership
2025-10-25 18:11:46,809 - deal_finder.pipeline - INFO - Processing https://www.biopharminternational.com/view/why-radiopharmaceuticals-are-ideal-for-treating-cancer
2025-10-25 18:11:47,846 - deal_finder.pipeline - INFO - Processing https://www.biopharminternational.com/view/applying-analytical-quality-by-design-principles-to-biopharma-method-development-and-optimization
2025-10-25 18:11:48,668 - deal_finder.pipeline - INFO - Processing https://www.biopharminternational.com/view/executive-summary-mastering-nitrosamines-analysis-with-streamlined-lc-ms-ms-solutions
2025-10-25 18:11:49,472 - deal_finder.pipeline - INFO - Processing https://www.biopharminternational.com/view/biopharmas-digital-hopes-versus-actual-implementation
2025-10-25 18:11:50,479 - deal_finder.pipeline - INFO - Found 0 new unique deals
2025-10-25 18:11:50,479 - deal_finder.pipeline - INFO - Cycle 2, dry_runs=1
2025-10-25 18:11:50,479 - deal_finder.pipeline - INFO - Starting discovery cycle
2025-10-25 18:11:50,516 - deal_finder.discovery.free_sources - INFO - Fetched 25 articles from RSS feed
2025-10-25 18:11:50,567 - deal_finder.discovery.free_sources - INFO - Fetched 25 articles from RSS feed
2025-10-25 18:11:50,642 - deal_finder.discovery.free_sources - INFO - Fetched 10 articles from RSS feed
2025-10-25 18:11:50,731 - deal_finder.discovery.free_sources - INFO - Fetched 30 articles from RSS feed
2025-10-25 18:11:50,732 - deal_finder.discovery.free_sources - INFO - Found 20 articles from RSS feeds
2025-10-25 18:11:50,732 - deal_finder.discovery.free_sources - INFO - Total articles found: 20
2025-10-25 18:11:50,773 - deal_finder.discovery.free_sources - INFO - Fetched 25 articles from RSS feed
2025-10-25 18:11:50,827 - deal_finder.discovery.free_sources - INFO - Fetched 25 articles from RSS feed
2025-10-25 18:11:50,901 - deal_finder.discovery.free_sources - INFO - Fetched 10 articles from RSS feed
2025-10-25 18:11:50,987 - deal_finder.discovery.free_sources - INFO - Fetched 30 articles from RSS feed
2025-10-25 18:11:50,987 - deal_finder.discovery.free_sources - INFO - Found 20 articles from RSS feeds
2025-10-25 18:11:50,987 - deal_finder.discovery.free_sources - INFO - Total articles found: 20
2025-10-25 18:11:51,034 - deal_finder.discovery.free_sources - INFO - Fetched 25 articles from RSS feed
2025-10-25 18:11:51,075 - deal_finder.discovery.free_sources - INFO - Fetched 25 articles from RSS feed
2025-10-25 18:11:51,176 - deal_finder.discovery.free_sources - INFO - Fetched 10 articles from RSS feed
2025-10-25 18:11:51,237 - deal_finder.discovery.free_sources - INFO - Fetched 30 articles from RSS feed
2025-10-25 18:11:51,237 - deal_finder.discovery.free_sources - INFO - Found 20 articles from RSS feeds
2025-10-25 18:11:51,237 - deal_finder.discovery.free_sources - INFO - Total articles found: 20
2025-10-25 18:11:51,278 - deal_finder.discovery.free_sources - INFO - Fetched 25 articles from RSS feed
2025-10-25 18:11:51,326 - deal_finder.discovery.free_sources - INFO - Fetched 25 articles from RSS feed
2025-10-25 18:11:51,409 - deal_finder.discovery.free_sources - INFO - Fetched 10 articles from RSS feed
2025-10-25 18:11:51,467 - deal_finder.discovery.free_sources - INFO - Fetched 30 articles from RSS feed
2025-10-25 18:11:51,467 - deal_finder.discovery.free_sources - INFO - Found 20 articles from RSS feeds
2025-10-25 18:11:51,467 - deal_finder.discovery.free_sources - INFO - Total articles found: 20
2025-10-25 18:11:51,510 - deal_finder.discovery.free_sources - INFO - Fetched 25 articles from RSS feed
2025-10-25 18:11:51,561 - deal_finder.discovery.free_sources - INFO - Fetched 25 articles from RSS feed
2025-10-25 18:11:51,632 - deal_finder.discovery.free_sources - INFO - Fetched 10 articles from RSS feed
2025-10-25 18:11:51,690 - deal_finder.discovery.free_sources - INFO - Fetched 30 articles from RSS feed
2025-10-25 18:11:51,691 - deal_finder.discovery.free_sources - INFO - Found 20 articles from RSS feeds
2025-10-25 18:11:51,691 - deal_finder.discovery.free_sources - INFO - Total articles found: 20
2025-10-25 18:11:51,691 - deal_finder.discovery.crawler - INFO - Discovered 41 unique URLs via free sources
2025-10-25 18:11:51,691 - deal_finder.pipeline - INFO - Processing https://www.fiercebiotech.com/biotech/lillys-buys-cash-strapped-adverum-its-phase-3-stage-eye-disease-gene-therapy
2025-10-25 18:11:51,691 - deal_finder.pipeline - INFO - Processing https://www.fiercebiotech.com/biotech/fierce-15-where-are-they-now-1
2025-10-25 18:11:51,691 - deal_finder.pipeline - INFO - Processing https://www.fiercebiotech.com/biotech/chutes-ladders-former-aurion-chief-vaults-valitor
2025-10-25 18:11:51,691 - deal_finder.pipeline - INFO - Processing https://www.fiercebiotech.com/biotech/inhibrx-intends-fda-submission-after-antibody-scores-ph-2-win-rare-bone-cancer
2025-10-25 18:11:51,692 - deal_finder.pipeline - INFO - Processing https://www.fiercebiotech.com/biotech/moderna-scraps-congenital-virus-program-after-vaccine-shows-little-protective-effect-phase
2025-10-25 18:11:51,692 - deal_finder.pipeline - INFO - Processing https://www.fiercebiotech.com/biotech/alector-nearly-halves-staff-after-gsk-partnered-antibody-flops-ph-3-dementia-trial
2025-10-25 18:11:51,692 - deal_finder.pipeline - INFO - Processing https://www.fiercebiotech.com/biotech/fierce-biotech-layoff-tracker-2025
2025-10-25 18:11:51,692 - deal_finder.pipeline - INFO - Processing https://www.fiercebiotech.com/biotech/ipsen-writes-check-worth-eu1b-acquire-next-gen-cancer-biotech
2025-10-25 18:11:51,692 - deal_finder.pipeline - INFO - Processing https://www.fiercebiotech.com/biotech/fierce-biotech-fundraising-tracker-25
2025-10-25 18:11:51,692 - deal_finder.pipeline - INFO - Processing https://www.genengnews.com/multimedia/webinars/tackling-antimicrobial-resistance-and-glioblastoma-with-biology-first-ai-models/
2025-10-25 18:11:51,692 - deal_finder.pipeline - INFO - Processing https://www.genengnews.com/topics/infectious-diseases/engineered-sweet-smelling-fungus-lures-mosquitoes-to-their-death/
2025-10-25 18:11:51,693 - deal_finder.pipeline - INFO - Processing https://www.genengnews.com/topics/artificial-intelligence/artificial-intelligence-in-the-emerald-city-and-targeting-colon-cancer-stem-cells/
2025-10-25 18:11:51,693 - deal_finder.pipeline - INFO - Processing https://www.genengnews.com/topics/omics/real-time-epigenetic-sensor-tracks-post-translational-modification-dynamics/
2025-10-25 18:11:51,693 - deal_finder.pipeline - INFO - Processing https://www.genengnews.com/topics/translational-medicine/insights-into-lipid-nanoparticle-structures-could-pave-the-way-to-more-targeted-therapeutics/
2025-10-25 18:11:51,693 - deal_finder.pipeline - INFO - Processing https://www.genengnews.com/topics/translational-medicine/obesity-and-fat-metabolism-a-new-role-for-nuclear-hsl/
2025-10-25 18:11:51,693 - deal_finder.pipeline - INFO - Processing https://www.genengnews.com/topics/translational-medicine/hitchhiking-dna-in-c-elegans-solves-telomerase-puzzle-with-regenerative-promise/
2025-10-25 18:11:51,693 - deal_finder.pipeline - INFO - Processing https://www.genengnews.com/topics/translational-medicine/real-time-embryo-imaging-raises-questions-about-ivf-screening-accuracy/
2025-10-25 18:11:51,693 - deal_finder.pipeline - INFO - Processing https://www.genengnews.com/topics/omics/10x-roche-prognosys-sue-illumina-over-spatial-and-single-cell-patents/
2025-10-25 18:11:51,693 - deal_finder.pipeline - INFO - Processing https://www.genengnews.com/topics/cancer/kinase-inhibitor-shows-promise-in-children-with-ewing-sarcoma/
2025-10-25 18:11:51,693 - deal_finder.pipeline - INFO - Processing https://www.biopharminternational.com/view/biotech-equipment-market-to-approach-144b-by-2030-implications-for-pharma-r-d
2025-10-25 18:11:51,768 - deal_finder.pipeline - INFO - Processing https://www.biopharminternational.com/view/from-parm-to-pharm-avantor-p-chip-bring-coi-compliance-to-clinical-consumables
2025-10-25 18:11:51,819 - deal_finder.pipeline - INFO - Processing https://www.fiercebiotech.com/medtech/thermo-fisher-sales-jump-5-amid-new-launches-approvals
2025-10-25 18:11:51,820 - deal_finder.pipeline - INFO - Processing https://www.fiercepharma.com/pharma/fierce-pharma-regulatory-tracker-second-half-2025
2025-10-25 18:11:51,820 - deal_finder.pipeline - INFO - Processing https://www.fiercepharma.com/pharma/fierce-pharma-asia-licensing-deal-flow-china-crackdown-warning-and-esmo-readouts
2025-10-25 18:11:51,820 - deal_finder.pipeline - INFO - Processing https://www.fiercepharma.com/marketing/astellas-taps-social-media-star-babs-costello-promote-izervay-geographic-atrophy
2025-10-25 18:11:51,820 - deal_finder.pipeline - INFO - Processing https://www.fiercepharma.com/marketing/havas-lynx-presses-pharma-take-action-against-health-misinformation
2025-10-25 18:11:51,820 - deal_finder.pipeline - INFO - Processing https://www.fiercepharma.com/pharma/roche-reports-softer-expected-third-quarter-while-stressing-loe-endurance-coming-years
2025-10-25 18:11:51,820 - deal_finder.pipeline - INFO - Processing https://www.fiercepharma.com/manufacturing/fda-cites-nephron-again-ongoing-issues-generics-manufacturer-has-failed-address
2025-10-25 18:11:51,820 - deal_finder.pipeline - INFO - Processing https://www.fiercepharma.com/manufacturing/merck-kgaa-mothball-operations-ireland-api-plant-end-2028
2025-10-25 18:11:51,820 - deal_finder.pipeline - INFO - Processing https://www.fiercepharma.com/pharma/alkermes-pays-21b-acquire-avadel-and-its-long-acting-narcolepsy-drug-lumryz
2025-10-25 18:11:51,820 - deal_finder.pipeline - INFO - Processing https://www.fiercepharma.com/marketing/real-chemistry-taps-ai-stay-top-fdas-torrent-marketing-letters
2025-10-25 18:11:51,820 - deal_finder.pipeline - INFO - Processing https://www.fiercepharma.com/pharma/trump-admin-eyes-fresh-tariffs-reported-probe-other-nations-drug-pricing-ft
2025-10-25 18:11:51,820 - deal_finder.pipeline - INFO - Processing https://www.fiercepharma.com/marketing/translation-just-tip-iceberg-how-pharma-marketers-are-reaching-hispanic-audiences
2025-10-25 18:11:51,820 - deal_finder.pipeline - INFO - Processing https://www.biopharminternational.com/view/sk-pharmteco-invests-in-california-site-to-overcome-peptide-purification-bottlenecks
2025-10-25 18:11:51,874 - deal_finder.pipeline - INFO - Processing https://www.biopharminternational.com/view/ask-the-expert-commenting-on-draft-regulations
2025-10-25 18:11:51,943 - deal_finder.pipeline - INFO - Processing https://www.biopharminternational.com/view/a-teem-a-novel-powerful-tool-for-evaluating-and-monitoring-cell-culture-media
2025-10-25 18:11:52,003 - deal_finder.pipeline - INFO - Processing https://www.biopharminternational.com/view/cphi-frankfurt-2025-highlights-global-pharma-innovation-and-manufacturing-leadership
2025-10-25 18:12:43,625 - deal_finder.pipeline - INFO - Processing https://www.biopharminternational.com/view/why-radiopharmaceuticals-are-ideal-for-treating-cancer
2025-10-25 18:12:44,759 - deal_finder.pipeline - INFO - Processing https://www.biopharminternational.com/view/applying-analytical-quality-by-design-principles-to-biopharma-method-development-and-optimization
2025-10-25 18:12:44,860 - deal_finder.pipeline - INFO - Processing https://www.biopharminternational.com/view/executive-summary-mastering-nitrosamines-analysis-with-streamlined-lc-ms-ms-solutions
2025-10-25 18:12:44,954 - deal_finder.pipeline - INFO - Processing https://www.biopharminternational.com/view/biopharmas-digital-hopes-versus-actual-implementation
2025-10-25 18:12:45,022 - deal_finder.pipeline - INFO - Found 0 new unique deals
2025-10-25 18:12:45,022 - deal_finder.pipeline - INFO - Cycle 3, dry_runs=2
2025-10-25 18:12:45,022 - deal_finder.pipeline - INFO - Starting discovery cycle
2025-10-25 18:12:45,074 - deal_finder.discovery.free_sources - INFO - Fetched 25 articles from RSS feed
2025-10-25 18:12:45,150 - deal_finder.discovery.free_sources - INFO - Fetched 25 articles from RSS feed
2025-10-25 18:12:45,240 - deal_finder.discovery.free_sources - INFO - Fetched 10 articles from RSS feed
2025-10-25 18:12:45,355 - deal_finder.discovery.free_sources - INFO - Fetched 30 articles from RSS feed
2025-10-25 18:12:45,356 - deal_finder.discovery.free_sources - INFO - Found 20 articles from RSS feeds
2025-10-25 18:12:45,356 - deal_finder.discovery.free_sources - INFO - Total articles found: 20
2025-10-25 18:12:45,401 - deal_finder.discovery.free_sources - INFO - Fetched 25 articles from RSS feed
2025-10-25 18:12:45,448 - deal_finder.discovery.free_sources - INFO - Fetched 25 articles from RSS feed
2025-10-25 18:12:45,528 - deal_finder.discovery.free_sources - INFO - Fetched 10 articles from RSS feed
2025-10-25 18:12:45,601 - deal_finder.discovery.free_sources - INFO - Fetched 30 articles from RSS feed
2025-10-25 18:12:45,601 - deal_finder.discovery.free_sources - INFO - Found 20 articles from RSS feeds
2025-10-25 18:12:45,601 - deal_finder.discovery.free_sources - INFO - Total articles found: 20
2025-10-25 18:12:45,649 - deal_finder.discovery.free_sources - INFO - Fetched 25 articles from RSS feed
2025-10-25 18:12:45,705 - deal_finder.discovery.free_sources - INFO - Fetched 25 articles from RSS feed
2025-10-25 18:12:45,789 - deal_finder.discovery.free_sources - INFO - Fetched 10 articles from RSS feed
2025-10-25 18:12:45,850 - deal_finder.discovery.free_sources - INFO - Fetched 30 articles from RSS feed
2025-10-25 18:12:45,851 - deal_finder.discovery.free_sources - INFO - Found 20 articles from RSS feeds
2025-10-25 18:12:45,851 - deal_finder.discovery.free_sources - INFO - Total articles found: 20
2025-10-25 18:12:45,900 - deal_finder.discovery.free_sources - INFO - Fetched 25 articles from RSS feed
2025-10-25 18:12:45,942 - deal_finder.discovery.free_sources - INFO - Fetched 25 articles from RSS feed
2025-10-25 18:12:46,015 - deal_finder.discovery.free_sources - INFO - Fetched 10 articles from RSS feed
2025-10-25 18:12:46,146 - deal_finder.discovery.free_sources - INFO - Fetched 30 articles from RSS feed
2025-10-25 18:12:46,146 - deal_finder.discovery.free_sources - INFO - Found 20 articles from RSS feeds
2025-10-25 18:12:46,146 - deal_finder.discovery.free_sources - INFO - Total articles found: 20
2025-10-25 18:12:46,201 - deal_finder.discovery.free_sources - INFO - Fetched 25 articles from RSS feed
2025-10-25 18:12:46,246 - deal_finder.discovery.free_sources - INFO - Fetched 25 articles from RSS feed
2025-10-25 18:12:46,530 - deal_finder.discovery.free_sources - INFO - Fetched 10 articles from RSS feed
2025-10-25 18:12:46,589 - deal_finder.discovery.free_sources - INFO - Fetched 30 articles from RSS feed
2025-10-25 18:12:46,590 - deal_finder.discovery.free_sources - INFO - Found 20 articles from RSS feeds
2025-10-25 18:12:46,590 - deal_finder.discovery.free_sources - INFO - Total articles found: 20
2025-10-25 18:12:46,590 - deal_finder.discovery.crawler - INFO - Discovered 41 unique URLs via free sources
2025-10-25 18:12:46,590 - deal_finder.pipeline - INFO - Processing https://www.fiercebiotech.com/biotech/lillys-buys-cash-strapped-adverum-its-phase-3-stage-eye-disease-gene-therapy
2025-10-25 18:12:46,590 - deal_finder.pipeline - INFO - Processing https://www.fiercebiotech.com/biotech/fierce-15-where-are-they-now-1
2025-10-25 18:12:46,590 - deal_finder.pipeline - INFO - Processing https://www.fiercebiotech.com/biotech/chutes-ladders-former-aurion-chief-vaults-valitor
2025-10-25 18:12:46,590 - deal_finder.pipeline - INFO - Processing https://www.fiercebiotech.com/biotech/inhibrx-intends-fda-submission-after-antibody-scores-ph-2-win-rare-bone-cancer
2025-10-25 18:12:46,590 - deal_finder.pipeline - INFO - Processing https://www.fiercebiotech.com/biotech/moderna-scraps-congenital-virus-program-after-vaccine-shows-little-protective-effect-phase
2025-10-25 18:12:46,590 - deal_finder.pipeline - INFO - Processing https://www.fiercebiotech.com/biotech/alector-nearly-halves-staff-after-gsk-partnered-antibody-flops-ph-3-dementia-trial
2025-10-25 18:12:46,590 - deal_finder.pipeline - INFO - Processing https://www.fiercebiotech.com/biotech/fierce-biotech-layoff-tracker-2025
2025-10-25 18:12:46,591 - deal_finder.pipeline - INFO - Processing https://www.fiercebiotech.com/biotech/ipsen-writes-check-worth-eu1b-acquire-next-gen-cancer-biotech
2025-10-25 18:12:46,591 - deal_finder.pipeline - INFO - Processing https://www.fiercebiotech.com/biotech/fierce-biotech-fundraising-tracker-25
2025-10-25 18:12:46,591 - deal_finder.pipeline - INFO - Processing https://www.genengnews.com/multimedia/webinars/tackling-antimicrobial-resistance-and-glioblastoma-with-biology-first-ai-models/
2025-10-25 18:12:46,591 - deal_finder.pipeline - INFO - Processing https://www.genengnews.com/topics/infectious-diseases/engineered-sweet-smelling-fungus-lures-mosquitoes-to-their-death/
2025-10-25 18:12:46,591 - deal_finder.pipeline - INFO - Processing https://www.genengnews.com/topics/artificial-intelligence/artificial-intelligence-in-the-emerald-city-and-targeting-colon-cancer-stem-cells/
2025-10-25 18:12:46,591 - deal_finder.pipeline - INFO - Processing https://www.genengnews.com/topics/omics/real-time-epigenetic-sensor-tracks-post-translational-modification-dynamics/
2025-10-25 18:12:46,591 - deal_finder.pipeline - INFO - Processing https://www.genengnews.com/topics/translational-medicine/insights-into-lipid-nanoparticle-structures-could-pave-the-way-to-more-targeted-therapeutics/
2025-10-25 18:12:46,591 - deal_finder.pipeline - INFO - Processing https://www.genengnews.com/topics/translational-medicine/obesity-and-fat-metabolism-a-new-role-for-nuclear-hsl/
2025-10-25 18:12:46,591 - deal_finder.pipeline - INFO - Processing https://www.genengnews.com/topics/translational-medicine/hitchhiking-dna-in-c-elegans-solves-telomerase-puzzle-with-regenerative-promise/
2025-10-25 18:12:46,591 - deal_finder.pipeline - INFO - Processing https://www.genengnews.com/topics/translational-medicine/real-time-embryo-imaging-raises-questions-about-ivf-screening-accuracy/
2025-10-25 18:12:46,591 - deal_finder.pipeline - INFO - Processing https://www.genengnews.com/topics/omics/10x-roche-prognosys-sue-illumina-over-spatial-and-single-cell-patents/
2025-10-25 18:12:46,591 - deal_finder.pipeline - INFO - Processing https://www.genengnews.com/topics/cancer/kinase-inhibitor-shows-promise-in-children-with-ewing-sarcoma/
2025-10-25 18:12:46,591 - deal_finder.pipeline - INFO - Processing https://www.biopharminternational.com/view/biotech-equipment-market-to-approach-144b-by-2030-implications-for-pharma-r-d
2025-10-25 18:12:46,646 - deal_finder.pipeline - INFO - Processing https://www.biopharminternational.com/view/from-parm-to-pharm-avantor-p-chip-bring-coi-compliance-to-clinical-consumables
2025-10-25 18:12:46,870 - deal_finder.pipeline - INFO - Processing https://www.fiercebiotech.com/medtech/thermo-fisher-sales-jump-5-amid-new-launches-approvals
2025-10-25 18:12:46,870 - deal_finder.pipeline - INFO - Processing https://www.fiercepharma.com/pharma/fierce-pharma-regulatory-tracker-second-half-2025
2025-10-25 18:12:46,870 - deal_finder.pipeline - INFO - Processing https://www.fiercepharma.com/pharma/fierce-pharma-asia-licensing-deal-flow-china-crackdown-warning-and-esmo-readouts
2025-10-25 18:12:46,870 - deal_finder.pipeline - INFO - Processing https://www.fiercepharma.com/marketing/astellas-taps-social-media-star-babs-costello-promote-izervay-geographic-atrophy
2025-10-25 18:12:46,870 - deal_finder.pipeline - INFO - Processing https://www.fiercepharma.com/marketing/havas-lynx-presses-pharma-take-action-against-health-misinformation
2025-10-25 18:12:46,870 - deal_finder.pipeline - INFO - Processing https://www.fiercepharma.com/pharma/roche-reports-softer-expected-third-quarter-while-stressing-loe-endurance-coming-years
2025-10-25 18:12:46,870 - deal_finder.pipeline - INFO - Processing https://www.fiercepharma.com/manufacturing/fda-cites-nephron-again-ongoing-issues-generics-manufacturer-has-failed-address
2025-10-25 18:12:46,870 - deal_finder.pipeline - INFO - Processing https://www.fiercepharma.com/manufacturing/merck-kgaa-mothball-operations-ireland-api-plant-end-2028
2025-10-25 18:12:46,870 - deal_finder.pipeline - INFO - Processing https://www.fiercepharma.com/pharma/alkermes-pays-21b-acquire-avadel-and-its-long-acting-narcolepsy-drug-lumryz
2025-10-25 18:12:46,870 - deal_finder.pipeline - INFO - Processing https://www.fiercepharma.com/marketing/real-chemistry-taps-ai-stay-top-fdas-torrent-marketing-letters
2025-10-25 18:12:46,870 - deal_finder.pipeline - INFO - Processing https://www.fiercepharma.com/pharma/trump-admin-eyes-fresh-tariffs-reported-probe-other-nations-drug-pricing-ft
2025-10-25 18:12:46,870 - deal_finder.pipeline - INFO - Processing https://www.fiercepharma.com/marketing/translation-just-tip-iceberg-how-pharma-marketers-are-reaching-hispanic-audiences
2025-10-25 18:12:46,870 - deal_finder.pipeline - INFO - Processing https://www.biopharminternational.com/view/sk-pharmteco-invests-in-california-site-to-overcome-peptide-purification-bottlenecks
2025-10-25 18:12:47,936 - deal_finder.pipeline - INFO - Processing https://www.biopharminternational.com/view/ask-the-expert-commenting-on-draft-regulations
2025-10-25 18:12:48,748 - deal_finder.pipeline - INFO - Processing https://www.biopharminternational.com/view/a-teem-a-novel-powerful-tool-for-evaluating-and-monitoring-cell-culture-media
2025-10-25 18:12:49,560 - deal_finder.pipeline - INFO - Processing https://www.biopharminternational.com/view/cphi-frankfurt-2025-highlights-global-pharma-innovation-and-manufacturing-leadership
2025-10-25 18:12:51,773 - deal_finder.pipeline - INFO - Processing https://www.biopharminternational.com/view/why-radiopharmaceuticals-are-ideal-for-treating-cancer
2025-10-25 18:12:51,833 - deal_finder.pipeline - INFO - Processing https://www.biopharminternational.com/view/applying-analytical-quality-by-design-principles-to-biopharma-method-development-and-optimization
2025-10-25 18:12:51,878 - deal_finder.pipeline - INFO - Processing https://www.biopharminternational.com/view/executive-summary-mastering-nitrosamines-analysis-with-streamlined-lc-ms-ms-solutions
2025-10-25 18:12:51,926 - deal_finder.pipeline - INFO - Processing https://www.biopharminternational.com/view/biopharmas-digital-hopes-versus-actual-implementation
2025-10-25 18:12:52,003 - deal_finder.pipeline - INFO - Found 0 new unique deals
2025-10-25 18:12:52,003 - deal_finder.pipeline - INFO - Cycle 4, dry_runs=3
2025-10-25 18:12:52,003 - deal_finder.pipeline - INFO - Starting discovery cycle
2025-10-25 18:12:52,045 - deal_finder.discovery.free_sources - INFO - Fetched 25 articles from RSS feed
2025-10-25 18:12:52,095 - deal_finder.discovery.free_sources - INFO - Fetched 25 articles from RSS feed
2025-10-25 18:12:52,182 - deal_finder.discovery.free_sources - INFO - Fetched 10 articles from RSS feed
2025-10-25 18:12:52,288 - deal_finder.discovery.free_sources - INFO - Fetched 30 articles from RSS feed
2025-10-25 18:12:52,290 - deal_finder.discovery.free_sources - INFO - Found 20 articles from RSS feeds
2025-10-25 18:12:52,290 - deal_finder.discovery.free_sources - INFO - Total articles found: 20
2025-10-25 18:12:52,325 - deal_finder.discovery.free_sources - INFO - Fetched 25 articles from RSS feed
2025-10-25 18:12:52,373 - deal_finder.discovery.free_sources - INFO - Fetched 25 articles from RSS feed
2025-10-25 18:12:52,444 - deal_finder.discovery.free_sources - INFO - Fetched 10 articles from RSS feed
2025-10-25 18:12:52,525 - deal_finder.discovery.free_sources - INFO - Fetched 30 articles from RSS feed
2025-10-25 18:12:52,525 - deal_finder.discovery.free_sources - INFO - Found 20 articles from RSS feeds
2025-10-25 18:12:52,525 - deal_finder.discovery.free_sources - INFO - Total articles found: 20
2025-10-25 18:12:52,564 - deal_finder.discovery.free_sources - INFO - Fetched 25 articles from RSS feed
2025-10-25 18:12:52,616 - deal_finder.discovery.free_sources - INFO - Fetched 25 articles from RSS feed
2025-10-25 18:12:52,694 - deal_finder.discovery.free_sources - INFO - Fetched 10 articles from RSS feed
2025-10-25 18:12:52,762 - deal_finder.discovery.free_sources - INFO - Fetched 30 articles from RSS feed
2025-10-25 18:12:52,762 - deal_finder.discovery.free_sources - INFO - Found 20 articles from RSS feeds
2025-10-25 18:12:52,762 - deal_finder.discovery.free_sources - INFO - Total articles found: 20
2025-10-25 18:12:52,802 - deal_finder.discovery.free_sources - INFO - Fetched 25 articles from RSS feed
2025-10-25 18:12:52,844 - deal_finder.discovery.free_sources - INFO - Fetched 25 articles from RSS feed
2025-10-25 18:12:52,925 - deal_finder.discovery.free_sources - INFO - Fetched 10 articles from RSS feed
2025-10-25 18:12:52,994 - deal_finder.discovery.free_sources - INFO - Fetched 30 articles from RSS feed
2025-10-25 18:12:52,994 - deal_finder.discovery.free_sources - INFO - Found 20 articles from RSS feeds
2025-10-25 18:12:52,994 - deal_finder.discovery.free_sources - INFO - Total articles found: 20
2025-10-25 18:12:53,050 - deal_finder.discovery.free_sources - INFO - Fetched 25 articles from RSS feed
2025-10-25 18:12:53,091 - deal_finder.discovery.free_sources - INFO - Fetched 25 articles from RSS feed
2025-10-25 18:12:53,167 - deal_finder.discovery.free_sources - INFO - Fetched 10 articles from RSS feed
2025-10-25 18:12:53,261 - deal_finder.discovery.free_sources - INFO - Fetched 30 articles from RSS feed
2025-10-25 18:12:53,261 - deal_finder.discovery.free_sources - INFO - Found 20 articles from RSS feeds
2025-10-25 18:12:53,261 - deal_finder.discovery.free_sources - INFO - Total articles found: 20
2025-10-25 18:12:53,261 - deal_finder.discovery.crawler - INFO - Discovered 41 unique URLs via free sources
2025-10-25 18:12:53,261 - deal_finder.pipeline - INFO - Processing https://www.fiercebiotech.com/biotech/lillys-buys-cash-strapped-adverum-its-phase-3-stage-eye-disease-gene-therapy
2025-10-25 18:12:53,261 - deal_finder.pipeline - INFO - Processing https://www.fiercebiotech.com/biotech/fierce-15-where-are-they-now-1
2025-10-25 18:12:53,262 - deal_finder.pipeline - INFO - Processing https://www.fiercebiotech.com/biotech/chutes-ladders-former-aurion-chief-vaults-valitor
2025-10-25 18:12:53,262 - deal_finder.pipeline - INFO - Processing https://www.fiercebiotech.com/biotech/inhibrx-intends-fda-submission-after-antibody-scores-ph-2-win-rare-bone-cancer
2025-10-25 18:12:53,262 - deal_finder.pipeline - INFO - Processing https://www.fiercebiotech.com/biotech/moderna-scraps-congenital-virus-program-after-vaccine-shows-little-protective-effect-phase
2025-10-25 18:12:53,262 - deal_finder.pipeline - INFO - Processing https://www.fiercebiotech.com/biotech/alector-nearly-halves-staff-after-gsk-partnered-antibody-flops-ph-3-dementia-trial
2025-10-25 18:12:53,262 - deal_finder.pipeline - INFO - Processing https://www.fiercebiotech.com/biotech/fierce-biotech-layoff-tracker-2025
2025-10-25 18:12:53,262 - deal_finder.pipeline - INFO - Processing https://www.fiercebiotech.com/biotech/ipsen-writes-check-worth-eu1b-acquire-next-gen-cancer-biotech
2025-10-25 18:12:53,262 - deal_finder.pipeline - INFO - Processing https://www.fiercebiotech.com/biotech/fierce-biotech-fundraising-tracker-25
2025-10-25 18:12:53,262 - deal_finder.pipeline - INFO - Processing https://www.genengnews.com/multimedia/webinars/tackling-antimicrobial-resistance-and-glioblastoma-with-biology-first-ai-models/
2025-10-25 18:12:53,262 - deal_finder.pipeline - INFO - Processing https://www.genengnews.com/topics/infectious-diseases/engineered-sweet-smelling-fungus-lures-mosquitoes-to-their-death/
2025-10-25 18:12:53,262 - deal_finder.pipeline - INFO - Processing https://www.genengnews.com/topics/artificial-intelligence/artificial-intelligence-in-the-emerald-city-and-targeting-colon-cancer-stem-cells/
2025-10-25 18:12:53,262 - deal_finder.pipeline - INFO - Processing https://www.genengnews.com/topics/omics/real-time-epigenetic-sensor-tracks-post-translational-modification-dynamics/
2025-10-25 18:12:53,262 - deal_finder.pipeline - INFO - Processing https://www.genengnews.com/topics/translational-medicine/insights-into-lipid-nanoparticle-structures-could-pave-the-way-to-more-targeted-therapeutics/
2025-10-25 18:12:53,262 - deal_finder.pipeline - INFO - Processing https://www.genengnews.com/topics/translational-medicine/obesity-and-fat-metabolism-a-new-role-for-nuclear-hsl/
2025-10-25 18:12:53,262 - deal_finder.pipeline - INFO - Processing https://www.genengnews.com/topics/translational-medicine/hitchhiking-dna-in-c-elegans-solves-telomerase-puzzle-with-regenerative-promise/
2025-10-25 18:12:53,262 - deal_finder.pipeline - INFO - Processing https://www.genengnews.com/topics/translational-medicine/real-time-embryo-imaging-raises-questions-about-ivf-screening-accuracy/
2025-10-25 18:12:53,262 - deal_finder.pipeline - INFO - Processing https://www.genengnews.com/topics/omics/10x-roche-prognosys-sue-illumina-over-spatial-and-single-cell-patents/
2025-10-25 18:12:53,263 - deal_finder.pipeline - INFO - Processing https://www.genengnews.com/topics/cancer/kinase-inhibitor-shows-promise-in-children-with-ewing-sarcoma/
2025-10-25 18:12:53,263 - deal_finder.pipeline - INFO - Processing https://www.biopharminternational.com/view/biotech-equipment-market-to-approach-144b-by-2030-implications-for-pharma-r-d
2025-10-25 18:13:43,646 - deal_finder.pipeline - INFO - Processing https://www.biopharminternational.com/view/from-parm-to-pharm-avantor-p-chip-bring-coi-compliance-to-clinical-consumables
2025-10-25 18:13:44,794 - deal_finder.pipeline - INFO - Processing https://www.fiercebiotech.com/medtech/thermo-fisher-sales-jump-5-amid-new-launches-approvals
2025-10-25 18:13:44,794 - deal_finder.pipeline - INFO - Processing https://www.fiercepharma.com/pharma/fierce-pharma-regulatory-tracker-second-half-2025
2025-10-25 18:13:44,794 - deal_finder.pipeline - INFO - Processing https://www.fiercepharma.com/pharma/fierce-pharma-asia-licensing-deal-flow-china-crackdown-warning-and-esmo-readouts
2025-10-25 18:13:44,794 - deal_finder.pipeline - INFO - Processing https://www.fiercepharma.com/marketing/astellas-taps-social-media-star-babs-costello-promote-izervay-geographic-atrophy
2025-10-25 18:13:44,794 - deal_finder.pipeline - INFO - Processing https://www.fiercepharma.com/marketing/havas-lynx-presses-pharma-take-action-against-health-misinformation
2025-10-25 18:13:44,794 - deal_finder.pipeline - INFO - Processing https://www.fiercepharma.com/pharma/roche-reports-softer-expected-third-quarter-while-stressing-loe-endurance-coming-years
2025-10-25 18:13:44,794 - deal_finder.pipeline - INFO - Processing https://www.fiercepharma.com/manufacturing/fda-cites-nephron-again-ongoing-issues-generics-manufacturer-has-failed-address
2025-10-25 18:13:44,794 - deal_finder.pipeline - INFO - Processing https://www.fiercepharma.com/manufacturing/merck-kgaa-mothball-operations-ireland-api-plant-end-2028
2025-10-25 18:13:44,794 - deal_finder.pipeline - INFO - Processing https://www.fiercepharma.com/pharma/alkermes-pays-21b-acquire-avadel-and-its-long-acting-narcolepsy-drug-lumryz
2025-10-25 18:13:44,794 - deal_finder.pipeline - INFO - Processing https://www.fiercepharma.com/marketing/real-chemistry-taps-ai-stay-top-fdas-torrent-marketing-letters
2025-10-25 18:13:44,794 - deal_finder.pipeline - INFO - Processing https://www.fiercepharma.com/pharma/trump-admin-eyes-fresh-tariffs-reported-probe-other-nations-drug-pricing-ft
2025-10-25 18:13:44,794 - deal_finder.pipeline - INFO - Processing https://www.fiercepharma.com/marketing/translation-just-tip-iceberg-how-pharma-marketers-are-reaching-hispanic-audiences
2025-10-25 18:13:44,794 - deal_finder.pipeline - INFO - Processing https://www.biopharminternational.com/view/sk-pharmteco-invests-in-california-site-to-overcome-peptide-purification-bottlenecks
2025-10-25 18:13:45,237 - deal_finder.pipeline - INFO - Processing https://www.biopharminternational.com/view/ask-the-expert-commenting-on-draft-regulations
2025-10-25 18:13:45,303 - deal_finder.pipeline - INFO - Processing https://www.biopharminternational.com/view/a-teem-a-novel-powerful-tool-for-evaluating-and-monitoring-cell-culture-media
2025-10-25 18:13:45,758 - deal_finder.pipeline - INFO - Processing https://www.biopharminternational.com/view/cphi-frankfurt-2025-highlights-global-pharma-innovation-and-manufacturing-leadership
2025-10-25 18:13:46,660 - deal_finder.pipeline - INFO - Processing https://www.biopharminternational.com/view/why-radiopharmaceuticals-are-ideal-for-treating-cancer
2025-10-25 18:13:46,880 - deal_finder.pipeline - INFO - Processing https://www.biopharminternational.com/view/applying-analytical-quality-by-design-principles-to-biopharma-method-development-and-optimization
2025-10-25 18:13:47,906 - deal_finder.pipeline - INFO - Processing https://www.biopharminternational.com/view/executive-summary-mastering-nitrosamines-analysis-with-streamlined-lc-ms-ms-solutions
2025-10-25 18:13:48,746 - deal_finder.pipeline - INFO - Processing https://www.biopharminternational.com/view/biopharmas-digital-hopes-versus-actual-implementation
2025-10-25 18:13:49,567 - deal_finder.pipeline - INFO - Found 0 new unique deals
2025-10-25 18:13:49,567 - deal_finder.pipeline - INFO - Cycle 5, dry_runs=4
2025-10-25 18:13:49,567 - deal_finder.pipeline - INFO - Starting discovery cycle
2025-10-25 18:13:49,683 - deal_finder.discovery.free_sources - INFO - Fetched 25 articles from RSS feed
2025-10-25 18:13:49,736 - deal_finder.discovery.free_sources - INFO - Fetched 25 articles from RSS feed
2025-10-25 18:13:49,875 - deal_finder.discovery.free_sources - INFO - Fetched 10 articles from RSS feed
2025-10-25 18:13:49,961 - deal_finder.discovery.free_sources - INFO - Fetched 30 articles from RSS feed
2025-10-25 18:13:49,961 - deal_finder.discovery.free_sources - INFO - Found 20 articles from RSS feeds
2025-10-25 18:13:49,961 - deal_finder.discovery.free_sources - INFO - Total articles found: 20
2025-10-25 18:13:50,004 - deal_finder.discovery.free_sources - INFO - Fetched 25 articles from RSS feed
2025-10-25 18:13:50,058 - deal_finder.discovery.free_sources - INFO - Fetched 25 articles from RSS feed
2025-10-25 18:13:50,210 - deal_finder.discovery.free_sources - INFO - Fetched 10 articles from RSS feed
2025-10-25 18:13:50,284 - deal_finder.discovery.free_sources - INFO - Fetched 30 articles from RSS feed
2025-10-25 18:13:50,285 - deal_finder.discovery.free_sources - INFO - Found 20 articles from RSS feeds
2025-10-25 18:13:50,285 - deal_finder.discovery.free_sources - INFO - Total articles found: 20
2025-10-25 18:13:50,399 - deal_finder.discovery.free_sources - INFO - Fetched 25 articles from RSS feed
2025-10-25 18:13:50,446 - deal_finder.discovery.free_sources - INFO - Fetched 25 articles from RSS feed
2025-10-25 18:13:50,531 - deal_finder.discovery.free_sources - INFO - Fetched 10 articles from RSS feed
2025-10-25 18:13:50,596 - deal_finder.discovery.free_sources - INFO - Fetched 30 articles from RSS feed
2025-10-25 18:13:50,596 - deal_finder.discovery.free_sources - INFO - Found 20 articles from RSS feeds
2025-10-25 18:13:50,596 - deal_finder.discovery.free_sources - INFO - Total articles found: 20
2025-10-25 18:13:50,634 - deal_finder.discovery.free_sources - INFO - Fetched 25 articles from RSS feed
2025-10-25 18:13:50,733 - deal_finder.discovery.free_sources - INFO - Fetched 25 articles from RSS feed
2025-10-25 18:13:50,813 - deal_finder.discovery.free_sources - INFO - Fetched 10 articles from RSS feed
2025-10-25 18:13:50,957 - deal_finder.discovery.free_sources - INFO - Fetched 30 articles from RSS feed
2025-10-25 18:13:50,957 - deal_finder.discovery.free_sources - INFO - Found 20 articles from RSS feeds
2025-10-25 18:13:50,957 - deal_finder.discovery.free_sources - INFO - Total articles found: 20
2025-10-25 18:13:50,996 - deal_finder.discovery.free_sources - INFO - Fetched 25 articles from RSS feed
2025-10-25 18:13:51,044 - deal_finder.discovery.free_sources - INFO - Fetched 25 articles from RSS feed
2025-10-25 18:13:51,127 - deal_finder.discovery.free_sources - INFO - Fetched 10 articles from RSS feed
2025-10-25 18:13:51,286 - deal_finder.discovery.free_sources - INFO - Fetched 30 articles from RSS feed
2025-10-25 18:13:51,286 - deal_finder.discovery.free_sources - INFO - Found 20 articles from RSS feeds
2025-10-25 18:13:51,286 - deal_finder.discovery.free_sources - INFO - Total articles found: 20
2025-10-25 18:13:51,287 - deal_finder.discovery.crawler - INFO - Discovered 41 unique URLs via free sources
2025-10-25 18:13:51,287 - deal_finder.pipeline - INFO - Processing https://www.fiercebiotech.com/biotech/lillys-buys-cash-strapped-adverum-its-phase-3-stage-eye-disease-gene-therapy
2025-10-25 18:13:51,287 - deal_finder.pipeline - INFO - Processing https://www.fiercebiotech.com/biotech/fierce-15-where-are-they-now-1
2025-10-25 18:13:51,287 - deal_finder.pipeline - INFO - Processing https://www.fiercebiotech.com/biotech/chutes-ladders-former-aurion-chief-vaults-valitor
2025-10-25 18:13:51,287 - deal_finder.pipeline - INFO - Processing https://www.fiercebiotech.com/biotech/inhibrx-intends-fda-submission-after-antibody-scores-ph-2-win-rare-bone-cancer
2025-10-25 18:13:51,287 - deal_finder.pipeline - INFO - Processing https://www.fiercebiotech.com/biotech/moderna-scraps-congenital-virus-program-after-vaccine-shows-little-protective-effect-phase
2025-10-25 18:13:51,287 - deal_finder.pipeline - INFO - Processing https://www.fiercebiotech.com/biotech/alector-nearly-halves-staff-after-gsk-partnered-antibody-flops-ph-3-dementia-trial
2025-10-25 18:13:51,287 - deal_finder.pipeline - INFO - Processing https://www.fiercebiotech.com/biotech/fierce-biotech-layoff-tracker-2025
2025-10-25 18:13:51,287 - deal_finder.pipeline - INFO - Processing https://www.fiercebiotech.com/biotech/ipsen-writes-check-worth-eu1b-acquire-next-gen-cancer-biotech
2025-10-25 18:13:51,287 - deal_finder.pipeline - INFO - Processing https://www.fiercebiotech.com/biotech/fierce-biotech-fundraising-tracker-25
2025-10-25 18:13:51,287 - deal_finder.pipeline - INFO - Processing https://www.genengnews.com/multimedia/webinars/tackling-antimicrobial-resistance-and-glioblastoma-with-biology-first-ai-models/
2025-10-25 18:13:51,287 - deal_finder.pipeline - INFO - Processing https://www.genengnews.com/topics/infectious-diseases/engineered-sweet-smelling-fungus-lures-mosquitoes-to-their-death/
2025-10-25 18:13:51,287 - deal_finder.pipeline - INFO - Processing https://www.genengnews.com/topics/artificial-intelligence/artificial-intelligence-in-the-emerald-city-and-targeting-colon-cancer-stem-cells/
2025-10-25 18:13:51,288 - deal_finder.pipeline - INFO - Processing https://www.genengnews.com/topics/omics/real-time-epigenetic-sensor-tracks-post-translational-modification-dynamics/
2025-10-25 18:13:51,288 - deal_finder.pipeline - INFO - Processing https://www.genengnews.com/topics/translational-medicine/insights-into-lipid-nanoparticle-structures-could-pave-the-way-to-more-targeted-therapeutics/
2025-10-25 18:13:51,288 - deal_finder.pipeline - INFO - Processing https://www.genengnews.com/topics/translational-medicine/obesity-and-fat-metabolism-a-new-role-for-nuclear-hsl/
2025-10-25 18:13:51,288 - deal_finder.pipeline - INFO - Processing https://www.genengnews.com/topics/translational-medicine/hitchhiking-dna-in-c-elegans-solves-telomerase-puzzle-with-regenerative-promise/
2025-10-25 18:13:51,288 - deal_finder.pipeline - INFO - Processing https://www.genengnews.com/topics/translational-medicine/real-time-embryo-imaging-raises-questions-about-ivf-screening-accuracy/
2025-10-25 18:13:51,288 - deal_finder.pipeline - INFO - Processing https://www.genengnews.com/topics/omics/10x-roche-prognosys-sue-illumina-over-spatial-and-single-cell-patents/
2025-10-25 18:13:51,288 - deal_finder.pipeline - INFO - Processing https://www.genengnews.com/topics/cancer/kinase-inhibitor-shows-promise-in-children-with-ewing-sarcoma/
2025-10-25 18:13:51,288 - deal_finder.pipeline - INFO - Processing https://www.biopharminternational.com/view/biotech-equipment-market-to-approach-144b-by-2030-implications-for-pharma-r-d
2025-10-25 18:13:51,829 - deal_finder.pipeline - INFO - Processing https://www.biopharminternational.com/view/from-parm-to-pharm-avantor-p-chip-bring-coi-compliance-to-clinical-consumables
2025-10-25 18:13:51,883 - deal_finder.pipeline - INFO - Processing https://www.fiercebiotech.com/medtech/thermo-fisher-sales-jump-5-amid-new-launches-approvals
2025-10-25 18:13:51,884 - deal_finder.pipeline - INFO - Processing https://www.fiercepharma.com/pharma/fierce-pharma-regulatory-tracker-second-half-2025
2025-10-25 18:13:51,884 - deal_finder.pipeline - INFO - Processing https://www.fiercepharma.com/pharma/fierce-pharma-asia-licensing-deal-flow-china-crackdown-warning-and-esmo-readouts
2025-10-25 18:13:51,884 - deal_finder.pipeline - INFO - Processing https://www.fiercepharma.com/marketing/astellas-taps-social-media-star-babs-costello-promote-izervay-geographic-atrophy
2025-10-25 18:13:51,884 - deal_finder.pipeline - INFO - Processing https://www.fiercepharma.com/marketing/havas-lynx-presses-pharma-take-action-against-health-misinformation
2025-10-25 18:13:51,884 - deal_finder.pipeline - INFO - Processing https://www.fiercepharma.com/pharma/roche-reports-softer-expected-third-quarter-while-stressing-loe-endurance-coming-years
2025-10-25 18:13:51,884 - deal_finder.pipeline - INFO - Processing https://www.fiercepharma.com/manufacturing/fda-cites-nephron-again-ongoing-issues-generics-manufacturer-has-failed-address
2025-10-25 18:13:51,884 - deal_finder.pipeline - INFO - Processing https://www.fiercepharma.com/manufacturing/merck-kgaa-mothball-operations-ireland-api-plant-end-2028
2025-10-25 18:13:51,884 - deal_finder.pipeline - INFO - Processing https://www.fiercepharma.com/pharma/alkermes-pays-21b-acquire-avadel-and-its-long-acting-narcolepsy-drug-lumryz
2025-10-25 18:13:51,884 - deal_finder.pipeline - INFO - Processing https://www.fiercepharma.com/marketing/real-chemistry-taps-ai-stay-top-fdas-torrent-marketing-letters
2025-10-25 18:13:51,884 - deal_finder.pipeline - INFO - Processing https://www.fiercepharma.com/pharma/trump-admin-eyes-fresh-tariffs-reported-probe-other-nations-drug-pricing-ft
2025-10-25 18:13:51,884 - deal_finder.pipeline - INFO - Processing https://www.fiercepharma.com/marketing/translation-just-tip-iceberg-how-pharma-marketers-are-reaching-hispanic-audiences
2025-10-25 18:13:51,884 - deal_finder.pipeline - INFO - Processing https://www.biopharminternational.com/view/sk-pharmteco-invests-in-california-site-to-overcome-peptide-purification-bottlenecks
2025-10-25 18:13:52,024 - deal_finder.pipeline - INFO - Processing https://www.biopharminternational.com/view/ask-the-expert-commenting-on-draft-regulations
2025-10-25 18:13:52,083 - deal_finder.pipeline - INFO - Processing https://www.biopharminternational.com/view/a-teem-a-novel-powerful-tool-for-evaluating-and-monitoring-cell-culture-media
2025-10-25 18:13:52,144 - deal_finder.pipeline - INFO - Processing https://www.biopharminternational.com/view/cphi-frankfurt-2025-highlights-global-pharma-innovation-and-manufacturing-leadership
