2025-11-05 12:09:05,047 - __main__ - INFO - ================================================================================
2025-11-05 12:09:05,048 - __main__ - INFO - STEP 2: Run Pipeline with Pre-Generated Keywords
2025-11-05 12:09:05,048 - __main__ - INFO - ================================================================================
2025-11-05 12:09:05,052 - __main__ - INFO - Therapeutic Area: immunology_inflammation
2025-11-05 12:09:05,052 - __main__ - INFO - Date Range: 2021-01-01 to 2025-11-05
2025-11-05 12:09:05,052 - __main__ - INFO - 
Loading keywords from: config/generated_keywords.json
2025-11-05 12:09:05,052 - __main__ - INFO - ✓ Loaded 237 TA keywords
2025-11-05 12:09:05,052 - __main__ - INFO - ✓ Loaded 38 stage keywords
2025-11-05 12:09:05,052 - __main__ - INFO - ✓ Loaded 61 deal keywords
2025-11-05 12:09:05,052 - __main__ - INFO - ✓ API key found
2025-11-05 12:09:05,052 - __main__ - INFO - 
================================================================================
2025-11-05 12:09:05,052 - __main__ - INFO - STEP 1: Load URLs from Index (--skip-crawl)
2025-11-05 12:09:05,052 - __main__ - INFO - ================================================================================
2025-11-05 12:09:05,124 - deal_finder.discovery.url_index - INFO - Loaded URL index: 50615 URLs already crawled
2025-11-05 12:09:05,154 - deal_finder.discovery.url_index - INFO - Loaded 50615 URLs from index
2025-11-05 12:09:05,155 - __main__ - INFO - ✓ Loaded 50615 article URLs from index
2025-11-05 12:09:05,155 - __main__ - INFO - 
================================================================================
2025-11-05 12:09:05,155 - __main__ - INFO - STEP 2: Fetch Article Content (3 Parallel Workers)
2025-11-05 12:09:05,155 - __main__ - INFO - ================================================================================
2025-11-05 12:09:05,161 - __main__ - INFO - URLs by source:
2025-11-05 12:09:05,161 - __main__ - INFO -   Endpoints News: 19790 URLs
2025-11-05 12:09:05,161 - __main__ - INFO -   BioPharma Dive: 4116 URLs
2025-11-05 12:09:05,161 - __main__ - INFO -   FierceBiotech: 13751 URLs
2025-11-05 12:09:05,161 - __main__ - INFO -   FiercePharma: 11761 URLs
2025-11-05 12:09:05,161 - __main__ - INFO -   BioPharmaDealmakers: 1197 URLs
2025-11-05 12:09:05,162 - __main__ - INFO - 
Starting 3 parallel workers...
2025-11-05 12:10:12,217 - __main__ - INFO - Overall Progress: 50/50615 (~0 failures)
2025-11-05 12:10:12,368 - __main__ - INFO - Overall Progress: 100/50615 (~0 failures)
2025-11-05 12:10:13,517 - __main__ - INFO - Overall Progress: 150/50615 (~0 failures)
2025-11-05 12:11:17,370 - __main__ - INFO - Overall Progress: 200/50615 (~0 failures)
2025-11-05 12:11:21,627 - __main__ - INFO - Overall Progress: 250/50615 (~0 failures)
2025-11-05 12:11:22,609 - __main__ - INFO - Overall Progress: 300/50615 (~0 failures)
2025-11-05 12:12:26,162 - __main__ - INFO - Overall Progress: 350/50615 (~0 failures)
2025-11-05 12:12:28,693 - __main__ - INFO - Overall Progress: 400/50615 (~0 failures)
2025-11-05 12:12:32,879 - __main__ - INFO - Overall Progress: 450/50615 (~0 failures)
2025-11-05 12:13:33,912 - __main__ - INFO - Overall Progress: 500/50615 (~0 failures)
2025-11-05 12:13:34,193 - __main__ - INFO - Overall Progress: 550/50615 (~0 failures)
2025-11-05 12:13:40,362 - __main__ - INFO - Overall Progress: 600/50615 (~0 failures)
2025-11-05 12:14:34,773 - __main__ - INFO - Overall Progress: 650/50615 (~0 failures)
2025-11-05 12:14:42,731 - __main__ - INFO - Overall Progress: 700/50615 (~0 failures)
2025-11-05 12:14:49,599 - __main__ - INFO - Overall Progress: 750/50615 (~0 failures)
2025-11-05 12:15:38,953 - __main__ - INFO - Overall Progress: 800/50615 (~0 failures)
2025-11-05 12:15:48,127 - __main__ - INFO - Overall Progress: 850/50615 (~0 failures)
2025-11-05 12:15:55,805 - __main__ - INFO - Overall Progress: 900/50615 (~0 failures)
2025-11-05 12:16:40,051 - __main__ - INFO - Overall Progress: 950/50615 (~0 failures)
2025-11-05 12:16:53,258 - __main__ - INFO - Overall Progress: 1000/50615 (~0 failures)
2025-11-05 12:17:02,581 - __main__ - INFO - Overall Progress: 1050/50615 (~0 failures)
2025-11-05 12:17:43,532 - __main__ - INFO - Overall Progress: 1100/50615 (~0 failures)
2025-11-05 12:17:59,805 - __main__ - INFO - Overall Progress: 1150/50615 (~0 failures)
2025-11-05 12:18:10,406 - __main__ - INFO - Overall Progress: 1200/50615 (~0 failures)
2025-11-05 12:18:44,496 - __main__ - INFO - Overall Progress: 1250/50615 (~0 failures)
2025-11-05 12:19:03,001 - __main__ - INFO - Overall Progress: 1300/50615 (~0 failures)
2025-11-05 12:19:21,301 - __main__ - INFO - Overall Progress: 1350/50615 (~0 failures)
2025-11-05 12:19:49,801 - __main__ - INFO - Overall Progress: 1400/50615 (~0 failures)
2025-11-05 12:20:10,501 - __main__ - INFO - Overall Progress: 1450/50615 (~0 failures)
2025-11-05 12:20:32,057 - __main__ - INFO - Overall Progress: 1500/50615 (~0 failures)
2025-11-05 12:20:52,959 - __main__ - INFO - Overall Progress: 1550/50615 (~0 failures)
2025-11-05 12:21:15,489 - __main__ - INFO - Overall Progress: 1600/50615 (~0 failures)
2025-11-05 12:21:40,438 - __main__ - INFO - Overall Progress: 1650/50615 (~0 failures)
2025-11-05 12:21:54,927 - __main__ - INFO - Overall Progress: 1700/50615 (~0 failures)
2025-11-05 12:22:19,677 - __main__ - INFO - Overall Progress: 1750/50615 (~0 failures)
2025-11-05 12:22:50,905 - __main__ - INFO - Overall Progress: 1800/50615 (~0 failures)
2025-11-05 12:23:00,485 - __main__ - INFO - Overall Progress: 1850/50615 (~0 failures)
2025-11-05 12:23:26,943 - __main__ - INFO - Overall Progress: 1900/50615 (~0 failures)
2025-11-05 12:24:00,272 - __main__ - INFO - Overall Progress: 1950/50615 (~0 failures)
2025-11-05 12:24:03,867 - __main__ - INFO - Overall Progress: 2000/50615 (~0 failures)
2025-11-05 12:24:32,744 - __main__ - INFO - Overall Progress: 2050/50615 (~0 failures)
2025-11-05 12:25:05,924 - __main__ - INFO - Overall Progress: 2100/50615 (~0 failures)
2025-11-05 12:25:08,327 - __main__ - INFO - Overall Progress: 2150/50615 (~0 failures)
2025-11-05 12:25:36,431 - __main__ - INFO - Overall Progress: 2200/50615 (~0 failures)
