2025-11-08 20:26:45,901 - __main__ - INFO - ================================================================================
2025-11-08 20:26:45,901 - __main__ - INFO - Retry BioPharmaDive + Consolidate + Deduplicate
2025-11-08 20:26:45,901 - __main__ - INFO - ================================================================================
2025-11-08 20:26:45,901 - __main__ - INFO - Loading checkpoint...
2025-11-08 20:26:46,542 - __main__ - INFO - ✓ Loaded 46622 articles from checkpoint
2025-11-08 20:26:46,542 - __main__ - INFO - ✓ 46622 URLs already fetched
2025-11-08 20:26:46,800 - deal_finder.discovery.url_index - INFO - Loaded URL index: 50615 URLs already crawled
2025-11-08 20:26:46,844 - deal_finder.discovery.url_index - INFO - Loaded 50615 URLs from index
2025-11-08 20:26:46,858 - __main__ - INFO - 
Total URLs in index: 50615
2025-11-08 20:26:46,859 - __main__ - INFO - Already fetched: 46622
2025-11-08 20:26:46,859 - __main__ - INFO - BioPharmaDive URLs to retry: 3986
2025-11-08 20:26:46,859 - __main__ - INFO - 
================================================================================
2025-11-08 20:26:46,859 - __main__ - INFO - Re-fetching BioPharmaDive with 1-second delays
2025-11-08 20:26:46,859 - __main__ - INFO - ================================================================================
2025-11-08 20:27:11,302 - __main__ - INFO - Progress: 10/3986 (10 success, 0 failed)
2025-11-08 20:27:33,983 - __main__ - INFO - Progress: 20/3986 (20 success, 0 failed)
2025-11-08 20:27:58,128 - __main__ - INFO - Progress: 30/3986 (30 success, 0 failed)
2025-11-08 20:28:21,904 - __main__ - INFO - Progress: 40/3986 (40 success, 0 failed)
2025-11-08 20:28:45,253 - __main__ - INFO - Progress: 50/3986 (50 success, 0 failed)
2025-11-08 20:29:08,403 - __main__ - INFO - Progress: 60/3986 (60 success, 0 failed)
2025-11-08 20:29:32,736 - __main__ - INFO - Progress: 70/3986 (70 success, 0 failed)
2025-11-08 20:29:56,311 - __main__ - INFO - Progress: 80/3986 (80 success, 0 failed)
2025-11-08 20:30:19,678 - __main__ - INFO - Progress: 90/3986 (90 success, 0 failed)
2025-11-08 20:30:42,821 - __main__ - INFO - Progress: 100/3986 (100 success, 0 failed)
2025-11-08 20:31:06,538 - __main__ - INFO - Progress: 110/3986 (110 success, 0 failed)
2025-11-08 20:31:30,273 - __main__ - INFO - Progress: 120/3986 (120 success, 0 failed)
2025-11-08 20:31:53,610 - __main__ - INFO - Progress: 130/3986 (130 success, 0 failed)
2025-11-08 20:32:17,721 - __main__ - INFO - Progress: 140/3986 (140 success, 0 failed)
2025-11-08 20:32:41,216 - __main__ - INFO - Progress: 150/3986 (150 success, 0 failed)
2025-11-08 20:33:05,223 - __main__ - INFO - Progress: 160/3986 (160 success, 0 failed)
2025-11-08 20:33:28,607 - __main__ - INFO - Progress: 170/3986 (170 success, 0 failed)
2025-11-08 20:33:52,037 - __main__ - INFO - Progress: 180/3986 (180 success, 0 failed)
2025-11-08 20:34:15,226 - __main__ - INFO - Progress: 190/3986 (190 success, 0 failed)
2025-11-08 20:34:39,369 - __main__ - INFO - Progress: 200/3986 (200 success, 0 failed)
2025-11-08 20:35:03,320 - __main__ - INFO - Progress: 210/3986 (210 success, 0 failed)
2025-11-08 20:35:26,204 - __main__ - INFO - Progress: 220/3986 (220 success, 0 failed)
2025-11-08 20:35:50,635 - __main__ - INFO - Progress: 230/3986 (230 success, 0 failed)
2025-11-08 20:37:34,271 - __main__ - INFO - Progress: 240/3986 (240 success, 0 failed)
2025-11-08 20:43:07,194 - __main__ - INFO - Progress: 250/3986 (250 success, 0 failed)
2025-11-08 20:46:56,950 - __main__ - INFO - Progress: 260/3986 (260 success, 0 failed)
2025-11-08 21:08:12,510 - deal_finder.utils.selenium_client - WARNING - Cloudscraper exception for https://www.biopharmadive.com/news/doudna-founded-biotech-caribou-raises-fresh-funds-to-fuel-gene-editing-pipe/596060/: HTTPSConnectionPool(host='www.biopharmadive.com', port=443): Read timed out. (read timeout=10)
2025-11-08 22:02:23,778 - deal_finder.utils.selenium_client - WARNING - Cloudscraper exception for https://www.biopharmadive.com/news/novo-nordisk-manufacturing-clinical-denmark/637140/: ('Connection aborted.', RemoteDisconnected('Remote end closed connection without response'))
2025-11-08 22:09:23,404 - deal_finder.utils.selenium_client - WARNING - Cloudscraper exception for https://www.biopharmadive.com/news/sanofi-ms-drug-tolebrutinib-FDA-clinical-hold-liver/626380/: ('Connection aborted.', RemoteDisconnected('Remote end closed connection without response'))
2025-11-08 22:16:11,281 - __main__ - INFO - Progress: 280/3986 (277 success, 3 failed)
2025-11-08 22:16:34,811 - __main__ - INFO - Progress: 290/3986 (287 success, 3 failed)
2025-11-08 22:16:58,483 - __main__ - INFO - Progress: 300/3986 (297 success, 3 failed)
2025-11-08 22:17:21,733 - __main__ - INFO - Progress: 310/3986 (307 success, 3 failed)
2025-11-08 22:17:45,560 - __main__ - INFO - Progress: 320/3986 (317 success, 3 failed)
2025-11-08 22:18:08,901 - __main__ - INFO - Progress: 330/3986 (327 success, 3 failed)
2025-11-08 22:18:31,959 - __main__ - INFO - Progress: 340/3986 (337 success, 3 failed)
2025-11-08 22:19:07,395 - __main__ - INFO - Progress: 350/3986 (347 success, 3 failed)
2025-11-08 22:21:15,696 - deal_finder.utils.selenium_client - WARNING - Cloudscraper exception for https://www.biopharmadive.com/news/gsk-oxford-neuroscience-institute-brain-drug/610866/: HTTPSConnectionPool(host='www.biopharmadive.com', port=443): Read timed out. (read timeout=10)
2025-11-08 22:23:00,636 - __main__ - INFO - Progress: 360/3986 (356 success, 4 failed)
2025-11-08 22:33:29,144 - deal_finder.utils.selenium_client - WARNING - Cloudscraper exception for https://www.biopharmadive.com/news/lilly-morphic-acquire-deal-ibd-colitis-crohns/720676/: HTTPSConnectionPool(host='www.biopharmadive.com', port=443): Read timed out. (read timeout=10)
2025-11-08 22:39:55,755 - __main__ - INFO - Progress: 370/3986 (365 success, 5 failed)
2025-11-08 22:40:20,163 - __main__ - INFO - Progress: 380/3986 (375 success, 5 failed)
2025-11-08 22:40:43,673 - __main__ - INFO - Progress: 390/3986 (385 success, 5 failed)
2025-11-08 22:41:06,525 - __main__ - INFO - Progress: 400/3986 (395 success, 5 failed)
2025-11-08 22:41:30,240 - __main__ - INFO - Progress: 410/3986 (405 success, 5 failed)
2025-11-08 22:41:53,716 - __main__ - INFO - Progress: 420/3986 (415 success, 5 failed)
2025-11-08 22:42:17,273 - __main__ - INFO - Progress: 430/3986 (425 success, 5 failed)
2025-11-08 22:42:41,547 - __main__ - INFO - Progress: 440/3986 (435 success, 5 failed)
2025-11-08 22:43:05,722 - __main__ - INFO - Progress: 450/3986 (445 success, 5 failed)
2025-11-08 22:43:29,421 - __main__ - INFO - Progress: 460/3986 (455 success, 5 failed)
2025-11-08 22:43:53,012 - __main__ - INFO - Progress: 470/3986 (465 success, 5 failed)
2025-11-08 22:44:16,524 - __main__ - INFO - Progress: 480/3986 (475 success, 5 failed)
2025-11-08 22:44:39,965 - __main__ - INFO - Progress: 490/3986 (485 success, 5 failed)
2025-11-08 22:45:03,238 - __main__ - INFO - Progress: 500/3986 (495 success, 5 failed)
2025-11-08 22:45:26,760 - __main__ - INFO - Progress: 510/3986 (505 success, 5 failed)
2025-11-08 22:45:50,651 - __main__ - INFO - Progress: 520/3986 (515 success, 5 failed)
2025-11-08 22:46:14,419 - __main__ - INFO - Progress: 530/3986 (525 success, 5 failed)
2025-11-08 22:46:33,656 - deal_finder.utils.selenium_client - WARNING - Cloudscraper got status 429 for https://www.biopharmadive.com/news/homology-gene-editing-biotech-reverse-merger-q32-bio/700074/
2025-11-08 22:46:35,775 - deal_finder.utils.selenium_client - WARNING - Cloudscraper got status 429 for https://www.biopharmadive.com/news/lilly-tirzepatide-fda-approval-mounjaro-diabetes/623769/
2025-11-08 22:46:37,880 - deal_finder.utils.selenium_client - WARNING - Cloudscraper got status 429 for https://www.biopharmadive.com/news/morphosys-novartis-incyte-acquire-myelofibrosis-pelabresib/706648/
2025-11-08 22:46:39,992 - deal_finder.utils.selenium_client - WARNING - Cloudscraper got status 429 for https://www.biopharmadive.com/news/biden-medicare-expand-drug-pricing-ira/709590/
2025-11-08 22:46:42,121 - deal_finder.utils.selenium_client - WARNING - Cloudscraper got status 429 for https://www.biopharmadive.com/news/caribou-vispacel-allogeneic-antler-study-results-lymphoma/804494/
2025-11-08 22:46:44,255 - deal_finder.utils.selenium_client - WARNING - Cloudscraper got status 429 for https://www.biopharmadive.com/news/moderna-layoffs-restructuring-expense-cuts-vaccine-sales/756415/
2025-11-08 22:46:46,395 - deal_finder.utils.selenium_client - WARNING - Cloudscraper got status 429 for https://www.biopharmadive.com/news/editas-layoffs-reni-cel-discontinue-pivot-in-vio/735465/
2025-11-08 22:46:48,574 - deal_finder.utils.selenium_client - WARNING - Cloudscraper got status 429 for https://www.biopharmadive.com/news/amylyx-with-glp-1-buy-doubles-down-on-blood-sugar-drugs/720932/
2025-11-08 22:46:50,744 - deal_finder.utils.selenium_client - WARNING - Cloudscraper got status 429 for https://www.biopharmadive.com/news/coronavirus-vaccine-booster-us-biden-pfizer-moderna/605152/
2025-11-08 22:46:52,904 - deal_finder.utils.selenium_client - WARNING - Cloudscraper got status 429 for https://www.biopharmadive.com/news/exa-cel-vertex-crispr-fda-documents-off-target-editing/698011/
2025-11-08 22:46:55,036 - deal_finder.utils.selenium_client - WARNING - Cloudscraper got status 429 for https://www.biopharmadive.com/news/fda-janet-woodcock-retirement-califf/700110/
2025-11-08 22:46:57,170 - deal_finder.utils.selenium_client - WARNING - Cloudscraper got status 429 for https://www.biopharmadive.com/news/scholar-rock-spinal-muscular-atrophy-myostatin-drug-results/729076/
2025-11-08 22:46:59,310 - deal_finder.utils.selenium_client - WARNING - Cloudscraper got status 429 for https://www.biopharmadive.com/news/fda-biosimilars-guidance-speed-development-comparative-efficacy-studies/804164/
2025-11-08 22:47:01,458 - deal_finder.utils.selenium_client - WARNING - Cloudscraper got status 429 for https://www.biopharmadive.com/news/arbor-biotechnologies-series-b-gene-editing-primary-hyperoxaluria/742625/
2025-11-08 22:47:03,579 - deal_finder.utils.selenium_client - WARNING - Cloudscraper got status 429 for https://www.biopharmadive.com/news/abbvie-coherus-legal-dispute-humira-biosimilar-resolve/653119/
2025-11-08 22:47:05,708 - deal_finder.utils.selenium_client - WARNING - Cloudscraper got status 429 for https://www.biopharmadive.com/news/biogen-royalty-pharma-deal-lupus-drug-funding/739920/
2025-11-08 22:47:07,815 - deal_finder.utils.selenium_client - WARNING - Cloudscraper got status 429 for https://www.biopharmadive.com/news/editas-vertex-crispr-patent-deal-gene-editing/702499/
2025-11-08 22:47:09,928 - deal_finder.utils.selenium_client - WARNING - Cloudscraper got status 429 for https://www.biopharmadive.com/news/gsk-adaptimmune-end-cell-therapy-deal/647325/
2025-11-08 22:47:12,052 - deal_finder.utils.selenium_client - WARNING - Cloudscraper got status 429 for https://www.biopharmadive.com/news/abbvie-djs-antibodies-fibrosis-ipf-acquisition/634580/
2025-11-08 22:47:14,180 - deal_finder.utils.selenium_client - WARNING - Cloudscraper got status 429 for https://www.biopharmadive.com/news/alvotech-teva-biosimilars-expand-deal-funding/688726/
2025-11-08 22:47:16,303 - deal_finder.utils.selenium_client - WARNING - Cloudscraper got status 429 for https://www.biopharmadive.com/news/nestle-microbiome-drug-biotech-deal-Enterome/627486/
2025-11-08 22:47:18,437 - deal_finder.utils.selenium_client - WARNING - Cloudscraper got status 429 for https://www.biopharmadive.com/news/radicava-als-oral-version-approved-mitsubishi-fda/623730/
2025-11-08 22:47:20,580 - deal_finder.utils.selenium_client - WARNING - Cloudscraper got status 429 for https://www.biopharmadive.com/news/lilly-lycia-protein-degradation-deal/605556/
2025-11-08 22:47:22,708 - deal_finder.utils.selenium_client - WARNING - Cloudscraper got status 429 for https://www.biopharmadive.com/news/moderna-bivalent-booster-covid-results-omicron/625125/
2025-11-08 22:47:24,831 - deal_finder.utils.selenium_client - WARNING - Cloudscraper got status 429 for https://www.biopharmadive.com/news/adc-therapeutics-ceo-ameet-mallik/623408/
2025-11-08 22:47:26,965 - deal_finder.utils.selenium_client - WARNING - Cloudscraper got status 429 for https://www.biopharmadive.com/news/rfk-kennedy-senate-finance-vote-advance-hhs-cassidy/739143/
2025-11-08 22:47:29,106 - deal_finder.utils.selenium_client - WARNING - Cloudscraper got status 429 for https://www.biopharmadive.com/news/vinay-prasad-cber-return-fda-vaccines-gene-therapy/757263/
2025-11-08 22:47:31,236 - deal_finder.utils.selenium_client - WARNING - Cloudscraper got status 429 for https://www.biopharmadive.com/news/leqembi-ctad-alzheimers-subcutaneous-data-eisai-biogen/697801/
2025-11-08 22:47:33,391 - deal_finder.utils.selenium_client - WARNING - Cloudscraper got status 429 for https://www.biopharmadive.com/news/Terns-Phase1-obesity-data-GLP1/726425/
2025-11-08 22:47:35,530 - deal_finder.utils.selenium_client - WARNING - Cloudscraper got status 429 for https://www.biopharmadive.com/news/gsk-rsv-vaccine-phase-3-results-pfizer/634060/
2025-11-08 22:47:37,704 - deal_finder.utils.selenium_client - WARNING - Cloudscraper got status 429 for https://www.biopharmadive.com/news/astrazeneca-vaccine-blood-clots-hypothesis-heparin-hit/598110/
2025-11-08 22:47:39,852 - deal_finder.utils.selenium_client - WARNING - Cloudscraper got status 429 for https://www.biopharmadive.com/news/biomarin-roctavian-advisory-committee-gene-therapy/635100/
2025-11-08 22:47:41,988 - deal_finder.utils.selenium_client - WARNING - Cloudscraper got status 429 for https://www.biopharmadive.com/news/sixpeaks-versant-astrazeneca-obesity-drug-startup-deal/716750/
2025-11-08 22:47:44,118 - deal_finder.utils.selenium_client - WARNING - Cloudscraper got status 429 for https://www.biopharmadive.com/news/bristol-myers-phase-3-success-opdivo-adjuvant-lung-cancer/694470/
2025-11-08 22:47:46,246 - deal_finder.utils.selenium_client - WARNING - Cloudscraper got status 429 for https://www.biopharmadive.com/news/emergent-kramer-defends-criticism-bayview-vaccine/599360/
2025-11-08 22:47:48,412 - deal_finder.utils.selenium_client - WARNING - Cloudscraper got status 429 for https://www.biopharmadive.com/news/blueprint-fda-approval-ayvakit-blood-disease/601999/
2025-11-08 22:47:50,555 - deal_finder.utils.selenium_client - WARNING - Cloudscraper got status 429 for https://www.biopharmadive.com/news/ionis-angelman-drug-trial-results-phase-3/721977/
2025-11-08 22:47:52,687 - deal_finder.utils.selenium_client - WARNING - Cloudscraper got status 429 for https://www.biopharmadive.com/news/avidity-kymera-merck-kelun-walgreens-barda/724701/
2025-11-08 22:47:54,820 - deal_finder.utils.selenium_client - WARNING - Cloudscraper got status 429 for https://www.biopharmadive.com/news/radius-health-deal-investor-presentation/626820/
2025-11-08 22:47:56,946 - deal_finder.utils.selenium_client - WARNING - Cloudscraper got status 429 for https://www.biopharmadive.com/news/ptc-duchenne-data-fourth-fda-review/594642/
2025-11-08 22:47:59,078 - deal_finder.utils.selenium_client - WARNING - Cloudscraper got status 429 for https://www.biopharmadive.com/news/novo-flagship-obesity-mash-omega-cellarity-collaboration/703645/
2025-11-08 22:48:01,270 - deal_finder.utils.selenium_client - WARNING - Cloudscraper got status 429 for https://www.biopharmadive.com/news/fda-approval-amgen-argenx-intra-cellular-biotech/611775/
2025-11-08 22:48:03,399 - deal_finder.utils.selenium_client - WARNING - Cloudscraper got status 429 for https://www.biopharmadive.com/news/icer-insurers-scrutiny-drug-plan-design/600767/
2025-11-08 22:48:05,608 - deal_finder.utils.selenium_client - WARNING - Cloudscraper got status 429 for https://www.biopharmadive.com/news/johnson-johnson-deals-acquisitions-biotech/617671/
2025-11-08 22:48:07,770 - deal_finder.utils.selenium_client - WARNING - Cloudscraper got status 429 for https://www.biopharmadive.com/news/gene-therapy-medicaid-payment-model-outcomes/643102/
2025-11-08 22:48:09,902 - deal_finder.utils.selenium_client - WARNING - Cloudscraper got status 429 for https://www.biopharmadive.com/news/otsuka-vera-igan-arvinas-nda-regenxbio-duchenne/749975/
2025-11-08 22:48:12,114 - deal_finder.utils.selenium_client - WARNING - Cloudscraper got status 429 for https://www.biopharmadive.com/news/gsk-fda-delay-decision-momelotinib-myelofibrosis/653212/
2025-11-08 22:48:14,271 - deal_finder.utils.selenium_client - WARNING - Cloudscraper got status 429 for https://www.biopharmadive.com/news/sanofi-john-reed-research-development-head-departure/642630/
2025-11-08 22:48:16,404 - deal_finder.utils.selenium_client - WARNING - Cloudscraper got status 429 for https://www.biopharmadive.com/news/gilead-tecartus-car-t-leukemia-approval-fda/607614/
2025-11-08 22:48:18,531 - deal_finder.utils.selenium_client - WARNING - Cloudscraper got status 429 for https://www.biopharmadive.com/news/intergalactic-gene-therapy-apple-tree-launch/607814/
2025-11-08 22:48:20,674 - deal_finder.utils.selenium_client - WARNING - Cloudscraper got status 429 for https://www.biopharmadive.com/news/acelyrin-reject-concentra-neumora-lenz-biohaven-bipolar/741434/
2025-11-08 22:48:22,806 - deal_finder.utils.selenium_client - WARNING - Cloudscraper got status 429 for https://www.biopharmadive.com/news/pfizer-covid-vaccine-fda-delay-meeting-children-third-dose/618720/
2025-11-08 22:48:24,935 - deal_finder.utils.selenium_client - WARNING - Cloudscraper got status 429 for https://www.biopharmadive.com/news/ash-2022-talquetamab-myeloma-efgartigimod-argenx-bluebird/638534/
2025-11-08 22:48:27,101 - deal_finder.utils.selenium_client - WARNING - Cloudscraper got status 429 for https://www.biopharmadive.com/news/gsk-blenrep-multiple-myeloma-darzalex-trial-data/700691/
2025-11-08 22:48:29,305 - deal_finder.utils.selenium_client - WARNING - Cloudscraper got status 429 for https://www.biopharmadive.com/news/caribou-biosciences-lymphoma-cell-therapy-results-eha/625280/
2025-11-08 22:48:31,436 - deal_finder.utils.selenium_client - WARNING - Cloudscraper got status 429 for https://www.biopharmadive.com/news/pfizer-third-quarter-earnings-rsv-vaccine-abrysvo-revenue/698280/
2025-11-08 22:48:33,559 - deal_finder.utils.selenium_client - WARNING - Cloudscraper got status 429 for https://www.biopharmadive.com/news/novo-nordisk-1-billion-acquire-forma-sickle-cell-disease/631048/
2025-11-08 22:48:35,697 - deal_finder.utils.selenium_client - WARNING - Cloudscraper got status 429 for https://www.biopharmadive.com/news/merck-halt-development-covid-drug-oncoimmune-ridgeback/598450/
2025-11-08 22:48:37,825 - deal_finder.utils.selenium_client - WARNING - Cloudscraper got status 429 for https://www.biopharmadive.com/news/roche-giredestrant-evera-breast-cancer-esmo-2025-study-results/803151/
2025-11-08 22:48:39,940 - deal_finder.utils.selenium_client - WARNING - Cloudscraper got status 429 for https://www.biopharmadive.com/news/regeneron-high-dose-eylea-fda-second-quarter-earnings/689984/
2025-11-08 22:48:42,062 - deal_finder.utils.selenium_client - WARNING - Cloudscraper got status 429 for https://www.biopharmadive.com/news/vertex-semma-human-testing-diabetes-cell-therapy/596466/
2025-11-08 22:48:44,190 - deal_finder.utils.selenium_client - WARNING - Cloudscraper got status 429 for https://www.biopharmadive.com/news/astrazeneca-ira-lawsuit-rejected-medicare-drug-pricing/709165/
2025-11-08 22:48:46,319 - deal_finder.utils.selenium_client - WARNING - Cloudscraper got status 429 for https://www.biopharmadive.com/news/crispr-cell-therapy-new-results/608080/
2025-11-08 22:48:48,443 - deal_finder.utils.selenium_client - WARNING - Cloudscraper got status 429 for https://www.biopharmadive.com/news/abbvie-aliada-deal-acquisition-neuroscience-alzheimers-biotech/731214/
2025-11-08 22:48:50,570 - deal_finder.utils.selenium_client - WARNING - Cloudscraper got status 429 for https://www.biopharmadive.com/news/biotech-new-normal-drug-research-development-lessons/733044/
2025-11-08 22:48:52,693 - deal_finder.utils.selenium_client - WARNING - Cloudscraper got status 429 for https://www.biopharmadive.com/news/novo-oral-semaglutide-fda-approval-application-obesity/745882/
2025-11-08 22:48:54,817 - deal_finder.utils.selenium_client - WARNING - Cloudscraper got status 429 for https://www.biopharmadive.com/news/pfizer-early-stage-rare-disease-cancer-pare-back/639824/
2025-11-08 22:48:56,936 - deal_finder.utils.selenium_client - WARNING - Cloudscraper got status 429 for https://www.biopharmadive.com/news/sanofi-amcenestrant-oral-serd-halt-development/629897/
2025-11-08 22:48:59,052 - deal_finder.utils.selenium_client - WARNING - Cloudscraper got status 429 for https://www.biopharmadive.com/news/pfizer-layoffs-cost-cuts-covid-paxlovid-comirnaty/696623/
2025-11-08 22:49:01,170 - deal_finder.utils.selenium_client - WARNING - Cloudscraper got status 429 for https://www.biopharmadive.com/news/centessa-biotech-ipo-330-million/600984/
2025-11-08 22:49:03,299 - deal_finder.utils.selenium_client - WARNING - Cloudscraper got status 429 for https://www.biopharmadive.com/news/aptinyx-strategic-alternatives-dementia-results-parkinsons/643748/
2025-11-08 22:49:05,431 - deal_finder.utils.selenium_client - WARNING - Cloudscraper got status 429 for https://www.biopharmadive.com/news/alice-zhang-verge-founder-biotechs-CEOs/634836/
2025-11-08 22:49:07,624 - deal_finder.utils.selenium_client - WARNING - Cloudscraper got status 429 for https://www.biopharmadive.com/news/epibiologics-protein-degradation-genentech-ucsf/645514/
2025-11-08 22:49:09,734 - deal_finder.utils.selenium_client - WARNING - Cloudscraper got status 429 for https://www.biopharmadive.com/news/rampart-biosciences-biologics-dna-series-a-launch/697504/
2025-11-08 22:49:11,888 - deal_finder.utils.selenium_client - WARNING - Cloudscraper got status 429 for https://www.biopharmadive.com/news/madrigal-rezdiffra-mash-sales-second-quarter-2024/723516/
2025-11-08 22:49:14,016 - deal_finder.utils.selenium_client - WARNING - Cloudscraper got status 429 for https://www.biopharmadive.com/news/bluebird-sickle-cell-fda-delay-application-bla/646258/
2025-11-08 22:49:16,266 - deal_finder.utils.selenium_client - WARNING - Cloudscraper got status 429 for https://www.biopharmadive.com/news/lilly-adverum-gene-therapy-deal-acquisition-eye-disease-amd/803746/
2025-11-08 22:49:18,387 - deal_finder.utils.selenium_client - WARNING - Cloudscraper got status 429 for https://www.biopharmadive.com/news/coherus-junshi-cancer-immunotherapy-shift/594286/
2025-11-08 22:49:20,507 - deal_finder.utils.selenium_client - WARNING - Cloudscraper got status 429 for https://www.biopharmadive.com/news/bayer-asundexian-factor-xi-clinical-trial-enrollment/642281/
2025-11-08 22:49:22,649 - deal_finder.utils.selenium_client - WARNING - Cloudscraper got status 429 for https://www.biopharmadive.com/news/biden-medicare-drug-price-negotiation-congress/606393/
2025-11-08 22:49:24,772 - deal_finder.utils.selenium_client - WARNING - Cloudscraper got status 429 for https://www.biopharmadive.com/news/bristol-myers-abecma-multiple-myeloma-earlier-use-study/629333/
2025-11-08 22:49:26,937 - deal_finder.utils.selenium_client - WARNING - Cloudscraper got status 429 for https://www.biopharmadive.com/news/alkermes-avadel-acquisition-deal-sleep-narcolepsy-lumryz/803503/
2025-11-08 22:49:29,130 - deal_finder.utils.selenium_client - WARNING - Cloudscraper got status 429 for https://www.biopharmadive.com/news/gene-editing-startup-iecure-returns-to-investors-for-fresh-funding/637558/
2025-11-08 22:49:31,247 - deal_finder.utils.selenium_client - WARNING - Cloudscraper got status 429 for https://www.biopharmadive.com/news/feng-zhang-aera-gene-therapy-alnylam/642901/
2025-11-08 22:49:33,364 - deal_finder.utils.selenium_client - WARNING - Cloudscraper got status 429 for https://www.biopharmadive.com/news/amgen-shares-sink-on-obesity-drug-concerns-astrazeneca-to-spend-35b-on-m/732632/
2025-11-08 22:49:35,483 - deal_finder.utils.selenium_client - WARNING - Cloudscraper got status 429 for https://www.biopharmadive.com/news/novartis-voyager-licensing-gene-therapy-huntington-sma/703398/
2025-11-08 22:49:37,601 - deal_finder.utils.selenium_client - WARNING - Cloudscraper got status 429 for https://www.biopharmadive.com/news/crispr-nkarta-gene-editing-nk-cell-therapy/599713/
2025-11-08 22:49:39,813 - deal_finder.utils.selenium_client - WARNING - Cloudscraper got status 429 for https://www.biopharmadive.com/news/lilly-acquire-protomer-glucose-sensitive-insulin/603325/
2025-11-08 22:49:42,015 - deal_finder.utils.selenium_client - WARNING - Cloudscraper got status 429 for https://www.biopharmadive.com/news/ipsen-skyhawk-rna-neurological-disease-deal/713827/
2025-11-08 22:49:44,124 - deal_finder.utils.selenium_client - WARNING - Cloudscraper got status 429 for https://www.biopharmadive.com/news/uniqure-huntington-fda-accelerated-approval-pathway-gene-therapy/735123/
2025-11-08 22:49:46,269 - deal_finder.utils.selenium_client - WARNING - Cloudscraper got status 429 for https://www.biopharmadive.com/news/madrigal-bill-sibold-appoint-ceo-sanofi-friedman/693237/
2025-11-08 22:49:48,386 - deal_finder.utils.selenium_client - WARNING - Cloudscraper got status 429 for https://www.biopharmadive.com/news/3-biotech-executives-on-the-year-ahead-deals-drug-pricing-and-the-down-ma/640738/
2025-11-08 22:49:50,565 - deal_finder.utils.selenium_client - WARNING - Cloudscraper got status 429 for https://www.biopharmadive.com/news/orchard-abandon-gene-therapy-ada-scid/601232/
2025-11-08 22:49:52,694 - deal_finder.utils.selenium_client - WARNING - Cloudscraper got status 429 for https://www.biopharmadive.com/news/hemab-series-c-von-willebrand-glanzmann-thrombasthenia-venture-financing/803761/
2025-11-08 22:49:54,806 - deal_finder.utils.selenium_client - WARNING - Cloudscraper got status 429 for https://www.biopharmadive.com/news/roche-spark-hemophilia-gene-therapy-ash-update/638400/
2025-11-08 22:49:56,979 - deal_finder.utils.selenium_client - WARNING - Cloudscraper got status 429 for https://www.biopharmadive.com/news/sanofi-belharra-astrazeneca-cancer-taysha-regenxbio/719208/
2025-11-08 22:49:59,109 - deal_finder.utils.selenium_client - WARNING - Cloudscraper got status 429 for https://www.biopharmadive.com/news/bluebird-cfo-jason-cole-resign-zynteglo-launch/631597/
2025-11-08 22:50:01,235 - deal_finder.utils.selenium_client - WARNING - Cloudscraper got status 429 for https://www.biopharmadive.com/news/merck-tariffs-first-quarter-earnings-guidance/746227/
2025-11-08 22:50:03,362 - deal_finder.utils.selenium_client - WARNING - Cloudscraper got status 429 for https://www.biopharmadive.com/news/ftc-amgen-horizon-sue-block-acquisition-deal/650397/
2025-11-08 22:50:05,511 - deal_finder.utils.selenium_client - WARNING - Cloudscraper got status 429 for https://www.biopharmadive.com/news/2seventy-abecma-study-end-enrollment-multiple-myeloma/728049/
2025-11-08 22:50:07,878 - deal_finder.utils.selenium_client - WARNING - Cloudscraper got status 429 for https://www.biopharmadive.com/news/jp-morgan-2021-biogen-vertex-sarepta/593161/
2025-11-08 22:50:10,004 - deal_finder.utils.selenium_client - WARNING - Cloudscraper got status 429 for https://www.biopharmadive.com/news/arch-3-billion-fund-biotech-venture/626273/
2025-11-08 22:50:12,146 - deal_finder.utils.selenium_client - WARNING - Cloudscraper got status 429 for https://www.biopharmadive.com/news/pfizer-duchenne-gene-therapy-phase-3-sarepta/592936/
2025-11-08 22:50:14,269 - deal_finder.utils.selenium_client - WARNING - Cloudscraper got status 429 for https://www.biopharmadive.com/news/lilly-alzheimers-europe-kisunla-opinion-marketing-eisai-biogen/743858/
2025-11-08 22:50:16,412 - deal_finder.utils.selenium_client - WARNING - Cloudscraper got status 429 for https://www.biopharmadive.com/news/asco-antibody-drug-conjugate-merck-biontech-daiichi-trop2-her2/651334/
2025-11-08 22:50:18,627 - deal_finder.utils.selenium_client - WARNING - Cloudscraper got status 429 for https://www.biopharmadive.com/news/pfizer-sarepta-duchenne-gene-therapy-efficacy-fda-expand-use/718845/
2025-11-08 22:50:20,740 - deal_finder.utils.selenium_client - WARNING - Cloudscraper got status 429 for https://www.biopharmadive.com/news/summit-akeso-ivonescimab-harmoni6-lung-cancer-trial/803193/
2025-11-08 22:50:22,846 - deal_finder.utils.selenium_client - WARNING - Cloudscraper got status 429 for https://www.biopharmadive.com/news/rebounding-from-setbacks-sanofi-reveals-promising-data-for-hemophilia-drug/611424/
2025-11-08 22:50:24,969 - deal_finder.utils.selenium_client - WARNING - Cloudscraper got status 429 for https://www.biopharmadive.com/news/ginkgo-modulus-cell-therapy-acquire-deal/711858/
2025-11-08 22:50:27,093 - deal_finder.utils.selenium_client - WARNING - Cloudscraper got status 429 for https://www.biopharmadive.com/news/tg-shares-deal-neuraxpharm-earnings-briumvi/689549/
2025-11-08 22:50:29,222 - deal_finder.utils.selenium_client - WARNING - Cloudscraper got status 429 for https://www.biopharmadive.com/news/trump-election-fda-ftc-drug-biotech-rfk/732194/
2025-11-08 22:50:31,339 - deal_finder.utils.selenium_client - WARNING - Cloudscraper got status 429 for https://www.biopharmadive.com/news/gates-foundation-backs-novartis-search-for-a-sickle-cell-cure/595203/
2025-11-08 22:50:33,591 - deal_finder.utils.selenium_client - WARNING - Cloudscraper got status 429 for https://www.biopharmadive.com/news/novartis-narrows-drug-pipeline-1q23-earnings/648522/
2025-11-08 22:50:35,726 - deal_finder.utils.selenium_client - WARNING - Cloudscraper got status 429 for https://www.biopharmadive.com/news/eli-lilly-jardiance-heart-failure-preserved-first-study/602870/
2025-11-08 22:50:37,847 - deal_finder.utils.selenium_client - WARNING - Cloudscraper got status 429 for https://www.biopharmadive.com/news/revolution-medicine-kras-pancreatic-cancer-study-update/721319/
2025-11-08 22:50:39,970 - deal_finder.utils.selenium_client - WARNING - Cloudscraper got status 429 for https://www.biopharmadive.com/news/pharma-prepared-to-work-with-trump-on-dtc-drug-sales-pfizer-ceo/756783/
2025-11-08 22:50:42,094 - deal_finder.utils.selenium_client - WARNING - Cloudscraper got status 429 for https://www.biopharmadive.com/news/eli-lilly-two-indiana-facilities-jobs/624471/
2025-11-08 22:50:44,217 - deal_finder.utils.selenium_client - WARNING - Cloudscraper got status 429 for https://www.biopharmadive.com/news/roche-prothena-parkinsons-drug-prasinezumab-phase3/750791/
2025-11-08 22:50:46,371 - deal_finder.utils.selenium_client - WARNING - Cloudscraper got status 429 for https://www.biopharmadive.com/news/sangamo-roche-genentech-alzheimers-tau-gene-drugs/723444/
2025-11-08 22:50:48,505 - deal_finder.utils.selenium_client - WARNING - Cloudscraper got status 429 for https://www.biopharmadive.com/news/fda-approves-first-biosimilar-to-top-selling-eye-drug-lucentis/606855/
2025-11-08 22:50:50,636 - deal_finder.utils.selenium_client - WARNING - Cloudscraper got status 429 for https://www.biopharmadive.com/news/novartis-fda-approval-pluvicto-prostate-cancer-endocyte/620973/
2025-11-08 22:50:52,760 - deal_finder.utils.selenium_client - WARNING - Cloudscraper got status 429 for https://www.biopharmadive.com/news/lilly-sosei-diabetes-metabolic-gpcr-research/638966/
2025-11-08 22:50:54,947 - deal_finder.utils.selenium_client - WARNING - Cloudscraper got status 429 for https://www.biopharmadive.com/news/merck-ridgeback-molnupiravir-us-supply-deal/601528/
2025-11-08 22:50:57,081 - deal_finder.utils.selenium_client - WARNING - Cloudscraper got status 429 for https://www.biopharmadive.com/news/gsk-rsv-vaccine-launch-us-market-pfizer/689087/
2025-11-08 22:50:59,205 - deal_finder.utils.selenium_client - WARNING - Cloudscraper got status 429 for https://www.biopharmadive.com/news/biotech-startups-venture-series-a-cliff-funding/645883/
2025-11-08 22:51:01,426 - deal_finder.utils.selenium_client - WARNING - Cloudscraper got status 429 for https://www.biopharmadive.com/news/sanofi-efdoralprin-alfa-aatd-study-results-inhibrx/803462/
2025-11-08 22:51:03,579 - deal_finder.utils.selenium_client - WARNING - Cloudscraper got status 429 for https://www.biopharmadive.com/news/intellia-crispr-second-dose-study-results-ttr-amyloidosis/719852/
2025-11-08 22:51:05,776 - deal_finder.utils.selenium_client - WARNING - Cloudscraper got status 429 for https://www.biopharmadive.com/news/merck-isltravir-hiv-safety-signal-combination/610348/
2025-11-08 22:51:08,043 - deal_finder.utils.selenium_client - WARNING - Cloudscraper got status 429 for https://www.biopharmadive.com/news/lilly-solanezumab-alzheimer-a4-amyloid-study-failure/644567/
2025-11-08 22:51:10,188 - deal_finder.utils.selenium_client - WARNING - Cloudscraper got status 429 for https://www.biopharmadive.com/news/wave-als-dementia-drug-discontinue-trial-setback/651017/
2025-11-08 22:51:12,318 - deal_finder.utils.selenium_client - WARNING - Cloudscraper got status 429 for https://www.biopharmadive.com/news/sarepta-duchnne-embark-study-failure-gene-therapy-elevidys/698243/
2025-11-08 22:51:14,462 - deal_finder.utils.selenium_client - WARNING - Cloudscraper got status 429 for https://www.biopharmadive.com/news/avrobio-fda-fabry-gene-therapy-new-study/599433/
2025-11-08 22:51:16,594 - deal_finder.utils.selenium_client - WARNING - Cloudscraper got status 429 for https://www.biopharmadive.com/news/pfizer-rsv-vaccine-younger-adults-fda-approval-abrysvo/730722/
2025-11-08 22:51:18,838 - deal_finder.utils.selenium_client - WARNING - Cloudscraper got status 429 for https://www.biopharmadive.com/news/roche-poseida-allogeneic-cell-therapy-deal/628769/
2025-11-08 22:51:20,960 - deal_finder.utils.selenium_client - WARNING - Cloudscraper got status 429 for https://www.biopharmadive.com/news/investors-founders-biotech-startups-takeaways/635646/
2025-11-08 22:51:23,105 - deal_finder.utils.selenium_client - WARNING - Cloudscraper got status 429 for https://www.biopharmadive.com/news/gsk-partial-withdraw-zejula-ovarian-cancer/636363/
2025-11-08 22:51:25,296 - deal_finder.utils.selenium_client - WARNING - Cloudscraper got status 429 for https://www.biopharmadive.com/news/agios-alnylam-rare-disease-drug-deal/689856/
2025-11-08 22:51:27,419 - deal_finder.utils.selenium_client - WARNING - Cloudscraper got status 429 for https://www.biopharmadive.com/news/csl-garadacimab-hereditary-angioedema-phase-3-results/630001/
2025-11-08 22:51:29,571 - deal_finder.utils.selenium_client - WARNING - Cloudscraper got status 429 for https://www.biopharmadive.com/news/womens-health-venture-funding-increase-headwinds-barriers/747969/
2025-11-08 22:51:31,705 - deal_finder.utils.selenium_client - WARNING - Cloudscraper got status 429 for https://www.biopharmadive.com/news/septerna-series-b-gpcr-medicine-parathyroidism/686240/
2025-11-08 22:51:37,381 - __main__ - INFO - Progress: 680/3986 (535 success, 145 failed)
2025-11-08 22:51:59,987 - __main__ - INFO - Progress: 690/3986 (545 success, 145 failed)
2025-11-08 22:52:23,486 - __main__ - INFO - Progress: 700/3986 (555 success, 145 failed)
2025-11-08 22:52:47,146 - __main__ - INFO - Progress: 710/3986 (565 success, 145 failed)
2025-11-08 22:53:10,209 - __main__ - INFO - Progress: 720/3986 (575 success, 145 failed)
2025-11-08 22:53:33,855 - __main__ - INFO - Progress: 730/3986 (585 success, 145 failed)
2025-11-08 22:53:57,941 - __main__ - INFO - Progress: 740/3986 (595 success, 145 failed)
2025-11-08 22:54:21,550 - __main__ - INFO - Progress: 750/3986 (605 success, 145 failed)
2025-11-08 22:54:45,205 - __main__ - INFO - Progress: 760/3986 (615 success, 145 failed)
2025-11-08 22:55:08,656 - __main__ - INFO - Progress: 770/3986 (625 success, 145 failed)
2025-11-08 22:55:32,094 - __main__ - INFO - Progress: 780/3986 (635 success, 145 failed)
2025-11-08 22:55:55,659 - __main__ - INFO - Progress: 790/3986 (645 success, 145 failed)
2025-11-08 22:56:19,114 - __main__ - INFO - Progress: 800/3986 (655 success, 145 failed)
2025-11-08 22:56:41,726 - __main__ - INFO - Progress: 810/3986 (665 success, 145 failed)
2025-11-08 22:57:04,710 - __main__ - INFO - Progress: 820/3986 (675 success, 145 failed)
2025-11-08 22:57:27,981 - __main__ - INFO - Progress: 830/3986 (685 success, 145 failed)
2025-11-08 22:57:52,254 - __main__ - INFO - Progress: 840/3986 (695 success, 145 failed)
2025-11-08 22:58:16,263 - __main__ - INFO - Progress: 850/3986 (705 success, 145 failed)
2025-11-08 22:58:38,817 - __main__ - INFO - Progress: 860/3986 (715 success, 145 failed)
2025-11-08 22:59:01,765 - __main__ - INFO - Progress: 870/3986 (725 success, 145 failed)
2025-11-08 22:59:23,878 - __main__ - INFO - Progress: 880/3986 (735 success, 145 failed)
2025-11-08 22:59:47,348 - __main__ - INFO - Progress: 890/3986 (745 success, 145 failed)
2025-11-08 23:00:10,540 - __main__ - INFO - Progress: 900/3986 (755 success, 145 failed)
2025-11-08 23:00:34,768 - __main__ - INFO - Progress: 910/3986 (765 success, 145 failed)
2025-11-08 23:00:58,184 - __main__ - INFO - Progress: 920/3986 (775 success, 145 failed)
2025-11-08 23:01:21,490 - __main__ - INFO - Progress: 930/3986 (785 success, 145 failed)
2025-11-08 23:01:44,409 - __main__ - INFO - Progress: 940/3986 (795 success, 145 failed)
2025-11-08 23:02:07,347 - __main__ - INFO - Progress: 950/3986 (805 success, 145 failed)
2025-11-08 23:02:30,161 - __main__ - INFO - Progress: 960/3986 (815 success, 145 failed)
2025-11-08 23:02:53,933 - __main__ - INFO - Progress: 970/3986 (825 success, 145 failed)
2025-11-08 23:03:17,306 - __main__ - INFO - Progress: 980/3986 (835 success, 145 failed)
2025-11-08 23:03:40,510 - __main__ - INFO - Progress: 990/3986 (845 success, 145 failed)
2025-11-08 23:04:03,733 - __main__ - INFO - Progress: 1000/3986 (855 success, 145 failed)
2025-11-08 23:04:26,672 - __main__ - INFO - Progress: 1010/3986 (865 success, 145 failed)
2025-11-08 23:04:49,950 - __main__ - INFO - Progress: 1020/3986 (875 success, 145 failed)
2025-11-08 23:05:13,020 - __main__ - INFO - Progress: 1030/3986 (885 success, 145 failed)
2025-11-08 23:05:36,034 - __main__ - INFO - Progress: 1040/3986 (895 success, 145 failed)
2025-11-08 23:05:59,648 - __main__ - INFO - Progress: 1050/3986 (905 success, 145 failed)
2025-11-08 23:06:23,264 - __main__ - INFO - Progress: 1060/3986 (915 success, 145 failed)
2025-11-08 23:06:46,504 - __main__ - INFO - Progress: 1070/3986 (925 success, 145 failed)
2025-11-08 23:07:10,268 - __main__ - INFO - Progress: 1080/3986 (935 success, 145 failed)
2025-11-08 23:07:33,795 - __main__ - INFO - Progress: 1090/3986 (945 success, 145 failed)
2025-11-08 23:07:56,719 - __main__ - INFO - Progress: 1100/3986 (955 success, 145 failed)
2025-11-08 23:08:20,965 - __main__ - INFO - Progress: 1110/3986 (965 success, 145 failed)
2025-11-08 23:08:44,480 - __main__ - INFO - Progress: 1120/3986 (975 success, 145 failed)
2025-11-08 23:09:07,795 - __main__ - INFO - Progress: 1130/3986 (985 success, 145 failed)
2025-11-08 23:09:30,660 - __main__ - INFO - Progress: 1140/3986 (995 success, 145 failed)
2025-11-08 23:09:52,908 - __main__ - INFO - Progress: 1150/3986 (1005 success, 145 failed)
2025-11-08 23:10:16,674 - __main__ - INFO - Progress: 1160/3986 (1015 success, 145 failed)
2025-11-08 23:10:40,502 - __main__ - INFO - Progress: 1170/3986 (1025 success, 145 failed)
2025-11-08 23:11:04,042 - __main__ - INFO - Progress: 1180/3986 (1035 success, 145 failed)
2025-11-08 23:11:27,603 - __main__ - INFO - Progress: 1190/3986 (1045 success, 145 failed)
2025-11-08 23:11:50,439 - __main__ - INFO - Progress: 1200/3986 (1055 success, 145 failed)
2025-11-08 23:12:14,038 - __main__ - INFO - Progress: 1210/3986 (1065 success, 145 failed)
2025-11-08 23:12:37,660 - __main__ - INFO - Progress: 1220/3986 (1075 success, 145 failed)
2025-11-08 23:13:00,506 - __main__ - INFO - Progress: 1230/3986 (1085 success, 145 failed)
2025-11-08 23:13:24,444 - __main__ - INFO - Progress: 1240/3986 (1095 success, 145 failed)
2025-11-08 23:13:47,795 - __main__ - INFO - Progress: 1250/3986 (1105 success, 145 failed)
2025-11-08 23:14:11,380 - __main__ - INFO - Progress: 1260/3986 (1115 success, 145 failed)
2025-11-08 23:14:34,488 - __main__ - INFO - Progress: 1270/3986 (1125 success, 145 failed)
2025-11-08 23:14:57,746 - __main__ - INFO - Progress: 1280/3986 (1135 success, 145 failed)
2025-11-08 23:15:22,891 - __main__ - INFO - Progress: 1290/3986 (1145 success, 145 failed)
2025-11-08 23:15:46,765 - __main__ - INFO - Progress: 1300/3986 (1155 success, 145 failed)
2025-11-08 23:16:10,857 - __main__ - INFO - Progress: 1310/3986 (1165 success, 145 failed)
2025-11-08 23:16:33,611 - __main__ - INFO - Progress: 1320/3986 (1175 success, 145 failed)
2025-11-08 23:16:56,852 - __main__ - INFO - Progress: 1330/3986 (1185 success, 145 failed)
2025-11-08 23:17:21,078 - __main__ - INFO - Progress: 1340/3986 (1195 success, 145 failed)
2025-11-08 23:17:44,222 - __main__ - INFO - Progress: 1350/3986 (1205 success, 145 failed)
2025-11-08 23:18:07,327 - __main__ - INFO - Progress: 1360/3986 (1215 success, 145 failed)
2025-11-08 23:18:30,336 - __main__ - INFO - Progress: 1370/3986 (1225 success, 145 failed)
2025-11-08 23:18:54,102 - __main__ - INFO - Progress: 1380/3986 (1235 success, 145 failed)
2025-11-08 23:19:18,259 - __main__ - INFO - Progress: 1390/3986 (1245 success, 145 failed)
2025-11-08 23:19:41,628 - __main__ - INFO - Progress: 1400/3986 (1255 success, 145 failed)
2025-11-08 23:20:05,611 - __main__ - INFO - Progress: 1410/3986 (1265 success, 145 failed)
2025-11-08 23:20:29,133 - __main__ - INFO - Progress: 1420/3986 (1275 success, 145 failed)
2025-11-08 23:20:53,287 - __main__ - INFO - Progress: 1430/3986 (1285 success, 145 failed)
2025-11-08 23:21:16,911 - __main__ - INFO - Progress: 1440/3986 (1295 success, 145 failed)
2025-11-08 23:21:40,050 - __main__ - INFO - Progress: 1450/3986 (1305 success, 145 failed)
2025-11-08 23:22:03,267 - __main__ - INFO - Progress: 1460/3986 (1315 success, 145 failed)
2025-11-08 23:22:27,191 - __main__ - INFO - Progress: 1470/3986 (1325 success, 145 failed)
2025-11-08 23:22:49,873 - __main__ - INFO - Progress: 1480/3986 (1335 success, 145 failed)
2025-11-08 23:23:14,357 - __main__ - INFO - Progress: 1490/3986 (1345 success, 145 failed)
2025-11-08 23:23:38,325 - __main__ - INFO - Progress: 1500/3986 (1355 success, 145 failed)
2025-11-08 23:24:02,775 - __main__ - INFO - Progress: 1510/3986 (1365 success, 145 failed)
2025-11-08 23:24:26,075 - __main__ - INFO - Progress: 1520/3986 (1375 success, 145 failed)
2025-11-08 23:24:49,582 - __main__ - INFO - Progress: 1530/3986 (1385 success, 145 failed)
2025-11-08 23:25:13,379 - __main__ - INFO - Progress: 1540/3986 (1395 success, 145 failed)
2025-11-08 23:25:37,038 - __main__ - INFO - Progress: 1550/3986 (1405 success, 145 failed)
2025-11-08 23:25:59,953 - __main__ - INFO - Progress: 1560/3986 (1415 success, 145 failed)
2025-11-08 23:26:23,745 - __main__ - INFO - Progress: 1570/3986 (1425 success, 145 failed)
2025-11-08 23:26:46,985 - __main__ - INFO - Progress: 1580/3986 (1435 success, 145 failed)
2025-11-08 23:27:11,134 - __main__ - INFO - Progress: 1590/3986 (1445 success, 145 failed)
2025-11-08 23:27:34,541 - __main__ - INFO - Progress: 1600/3986 (1455 success, 145 failed)
2025-11-08 23:27:57,956 - __main__ - INFO - Progress: 1610/3986 (1465 success, 145 failed)
2025-11-08 23:28:21,704 - __main__ - INFO - Progress: 1620/3986 (1475 success, 145 failed)
2025-11-08 23:28:44,997 - __main__ - INFO - Progress: 1630/3986 (1485 success, 145 failed)
2025-11-08 23:29:08,556 - __main__ - INFO - Progress: 1640/3986 (1495 success, 145 failed)
2025-11-08 23:29:31,990 - __main__ - INFO - Progress: 1650/3986 (1505 success, 145 failed)
2025-11-08 23:29:57,237 - __main__ - INFO - Progress: 1660/3986 (1515 success, 145 failed)
2025-11-08 23:30:20,506 - __main__ - INFO - Progress: 1670/3986 (1525 success, 145 failed)
2025-11-08 23:30:44,431 - __main__ - INFO - Progress: 1680/3986 (1535 success, 145 failed)
2025-11-08 23:31:08,420 - __main__ - INFO - Progress: 1690/3986 (1545 success, 145 failed)
2025-11-08 23:31:32,273 - __main__ - INFO - Progress: 1700/3986 (1555 success, 145 failed)
2025-11-08 23:31:56,956 - __main__ - INFO - Progress: 1710/3986 (1565 success, 145 failed)
2025-11-08 23:32:20,369 - __main__ - INFO - Progress: 1720/3986 (1575 success, 145 failed)
2025-11-08 23:32:43,901 - __main__ - INFO - Progress: 1730/3986 (1585 success, 145 failed)
2025-11-08 23:33:08,791 - __main__ - INFO - Progress: 1740/3986 (1595 success, 145 failed)
2025-11-08 23:33:32,129 - __main__ - INFO - Progress: 1750/3986 (1605 success, 145 failed)
2025-11-08 23:33:55,329 - __main__ - INFO - Progress: 1760/3986 (1615 success, 145 failed)
2025-11-08 23:34:19,986 - __main__ - INFO - Progress: 1770/3986 (1625 success, 145 failed)
2025-11-08 23:34:44,358 - __main__ - INFO - Progress: 1780/3986 (1635 success, 145 failed)
2025-11-08 23:35:08,707 - __main__ - INFO - Progress: 1790/3986 (1645 success, 145 failed)
2025-11-08 23:35:31,808 - __main__ - INFO - Progress: 1800/3986 (1655 success, 145 failed)
2025-11-08 23:35:55,205 - __main__ - INFO - Progress: 1810/3986 (1665 success, 145 failed)
2025-11-08 23:36:19,569 - __main__ - INFO - Progress: 1820/3986 (1675 success, 145 failed)
2025-11-08 23:36:43,437 - __main__ - INFO - Progress: 1830/3986 (1685 success, 145 failed)
2025-11-08 23:37:06,574 - __main__ - INFO - Progress: 1840/3986 (1695 success, 145 failed)
2025-11-08 23:37:30,157 - __main__ - INFO - Progress: 1850/3986 (1705 success, 145 failed)
2025-11-08 23:37:52,703 - __main__ - INFO - Progress: 1860/3986 (1715 success, 145 failed)
2025-11-08 23:38:17,349 - __main__ - INFO - Progress: 1870/3986 (1725 success, 145 failed)
2025-11-08 23:38:40,601 - __main__ - INFO - Progress: 1880/3986 (1735 success, 145 failed)
2025-11-08 23:39:04,120 - __main__ - INFO - Progress: 1890/3986 (1745 success, 145 failed)
2025-11-08 23:39:28,236 - __main__ - INFO - Progress: 1900/3986 (1755 success, 145 failed)
2025-11-08 23:39:51,668 - __main__ - INFO - Progress: 1910/3986 (1765 success, 145 failed)
2025-11-08 23:40:15,103 - __main__ - INFO - Progress: 1920/3986 (1775 success, 145 failed)
2025-11-08 23:40:37,988 - __main__ - INFO - Progress: 1930/3986 (1785 success, 145 failed)
2025-11-08 23:41:02,797 - __main__ - INFO - Progress: 1940/3986 (1795 success, 145 failed)
2025-11-08 23:41:25,941 - __main__ - INFO - Progress: 1950/3986 (1805 success, 145 failed)
2025-11-08 23:41:49,337 - __main__ - INFO - Progress: 1960/3986 (1815 success, 145 failed)
2025-11-08 23:42:13,097 - __main__ - INFO - Progress: 1970/3986 (1825 success, 145 failed)
2025-11-08 23:42:35,921 - __main__ - INFO - Progress: 1980/3986 (1835 success, 145 failed)
2025-11-08 23:42:59,147 - __main__ - INFO - Progress: 1990/3986 (1845 success, 145 failed)
2025-11-08 23:43:22,741 - __main__ - INFO - Progress: 2000/3986 (1855 success, 145 failed)
2025-11-08 23:43:46,674 - __main__ - INFO - Progress: 2010/3986 (1865 success, 145 failed)
2025-11-08 23:44:09,971 - __main__ - INFO - Progress: 2020/3986 (1875 success, 145 failed)
2025-11-08 23:44:33,062 - __main__ - INFO - Progress: 2030/3986 (1885 success, 145 failed)
2025-11-08 23:44:56,823 - __main__ - INFO - Progress: 2040/3986 (1895 success, 145 failed)
2025-11-08 23:45:20,038 - __main__ - INFO - Progress: 2050/3986 (1905 success, 145 failed)
2025-11-08 23:45:43,682 - __main__ - INFO - Progress: 2060/3986 (1915 success, 145 failed)
2025-11-08 23:46:07,290 - __main__ - INFO - Progress: 2070/3986 (1925 success, 145 failed)
2025-11-08 23:46:30,359 - __main__ - INFO - Progress: 2080/3986 (1935 success, 145 failed)
2025-11-08 23:46:53,809 - __main__ - INFO - Progress: 2090/3986 (1945 success, 145 failed)
2025-11-08 23:47:17,796 - __main__ - INFO - Progress: 2100/3986 (1955 success, 145 failed)
2025-11-08 23:47:40,705 - __main__ - INFO - Progress: 2110/3986 (1965 success, 145 failed)
2025-11-08 23:48:04,331 - __main__ - INFO - Progress: 2120/3986 (1975 success, 145 failed)
2025-11-08 23:48:27,219 - __main__ - INFO - Progress: 2130/3986 (1985 success, 145 failed)
2025-11-08 23:48:51,122 - __main__ - INFO - Progress: 2140/3986 (1995 success, 145 failed)
2025-11-08 23:49:14,909 - __main__ - INFO - Progress: 2150/3986 (2005 success, 145 failed)
2025-11-08 23:49:37,741 - __main__ - INFO - Progress: 2160/3986 (2015 success, 145 failed)
2025-11-08 23:50:00,952 - __main__ - INFO - Progress: 2170/3986 (2025 success, 145 failed)
2025-11-08 23:50:25,301 - __main__ - INFO - Progress: 2180/3986 (2035 success, 145 failed)
2025-11-08 23:50:48,513 - __main__ - INFO - Progress: 2190/3986 (2045 success, 145 failed)
2025-11-08 23:51:12,731 - __main__ - INFO - Progress: 2200/3986 (2055 success, 145 failed)
2025-11-08 23:51:36,369 - __main__ - INFO - Progress: 2210/3986 (2065 success, 145 failed)
2025-11-08 23:52:00,117 - __main__ - INFO - Progress: 2220/3986 (2075 success, 145 failed)
2025-11-08 23:52:23,897 - __main__ - INFO - Progress: 2230/3986 (2085 success, 145 failed)
2025-11-08 23:52:47,699 - __main__ - INFO - Progress: 2240/3986 (2095 success, 145 failed)
2025-11-08 23:53:11,666 - __main__ - INFO - Progress: 2250/3986 (2105 success, 145 failed)
2025-11-08 23:53:35,098 - __main__ - INFO - Progress: 2260/3986 (2115 success, 145 failed)
2025-11-08 23:53:58,041 - __main__ - INFO - Progress: 2270/3986 (2125 success, 145 failed)
2025-11-08 23:54:22,525 - __main__ - INFO - Progress: 2280/3986 (2135 success, 145 failed)
2025-11-08 23:54:46,222 - __main__ - INFO - Progress: 2290/3986 (2145 success, 145 failed)
2025-11-08 23:55:09,613 - __main__ - INFO - Progress: 2300/3986 (2155 success, 145 failed)
2025-11-08 23:55:32,998 - __main__ - INFO - Progress: 2310/3986 (2165 success, 145 failed)
2025-11-08 23:55:56,508 - __main__ - INFO - Progress: 2320/3986 (2175 success, 145 failed)
2025-11-08 23:56:19,763 - __main__ - INFO - Progress: 2330/3986 (2185 success, 145 failed)
2025-11-08 23:56:43,722 - __main__ - INFO - Progress: 2340/3986 (2195 success, 145 failed)
2025-11-08 23:57:06,933 - __main__ - INFO - Progress: 2350/3986 (2205 success, 145 failed)
2025-11-08 23:57:29,818 - __main__ - INFO - Progress: 2360/3986 (2215 success, 145 failed)
2025-11-08 23:57:53,285 - __main__ - INFO - Progress: 2370/3986 (2225 success, 145 failed)
2025-11-08 23:58:15,982 - __main__ - INFO - Progress: 2380/3986 (2235 success, 145 failed)
2025-11-08 23:58:39,442 - __main__ - INFO - Progress: 2390/3986 (2245 success, 145 failed)
2025-11-08 23:59:02,583 - __main__ - INFO - Progress: 2400/3986 (2255 success, 145 failed)
2025-11-08 23:59:25,758 - __main__ - INFO - Progress: 2410/3986 (2265 success, 145 failed)
2025-11-08 23:59:49,858 - __main__ - INFO - Progress: 2420/3986 (2275 success, 145 failed)
2025-11-09 00:00:14,858 - __main__ - INFO - Progress: 2430/3986 (2285 success, 145 failed)
2025-11-09 00:00:38,814 - __main__ - INFO - Progress: 2440/3986 (2295 success, 145 failed)
2025-11-09 00:01:02,754 - __main__ - INFO - Progress: 2450/3986 (2305 success, 145 failed)
2025-11-09 00:01:26,598 - __main__ - INFO - Progress: 2460/3986 (2315 success, 145 failed)
2025-11-09 00:01:50,885 - __main__ - INFO - Progress: 2470/3986 (2325 success, 145 failed)
2025-11-09 00:02:14,020 - __main__ - INFO - Progress: 2480/3986 (2335 success, 145 failed)
2025-11-09 00:02:37,606 - __main__ - INFO - Progress: 2490/3986 (2345 success, 145 failed)
2025-11-09 00:03:01,361 - __main__ - INFO - Progress: 2500/3986 (2355 success, 145 failed)
2025-11-09 00:03:25,386 - __main__ - INFO - Progress: 2510/3986 (2365 success, 145 failed)
2025-11-09 00:03:48,884 - __main__ - INFO - Progress: 2520/3986 (2375 success, 145 failed)
2025-11-09 00:04:12,266 - __main__ - INFO - Progress: 2530/3986 (2385 success, 145 failed)
2025-11-09 00:04:35,881 - __main__ - INFO - Progress: 2540/3986 (2395 success, 145 failed)
2025-11-09 00:04:59,122 - __main__ - INFO - Progress: 2550/3986 (2405 success, 145 failed)
2025-11-09 00:05:22,984 - __main__ - INFO - Progress: 2560/3986 (2415 success, 145 failed)
2025-11-09 00:05:45,909 - __main__ - INFO - Progress: 2570/3986 (2425 success, 145 failed)
2025-11-09 00:06:10,500 - __main__ - INFO - Progress: 2580/3986 (2435 success, 145 failed)
2025-11-09 00:06:33,493 - __main__ - INFO - Progress: 2590/3986 (2445 success, 145 failed)
2025-11-09 00:06:57,060 - __main__ - INFO - Progress: 2600/3986 (2455 success, 145 failed)
2025-11-09 00:07:21,578 - __main__ - INFO - Progress: 2610/3986 (2465 success, 145 failed)
2025-11-09 00:07:44,671 - __main__ - INFO - Progress: 2620/3986 (2475 success, 145 failed)
2025-11-09 00:08:08,518 - __main__ - INFO - Progress: 2630/3986 (2485 success, 145 failed)
2025-11-09 00:08:30,634 - __main__ - INFO - Progress: 2640/3986 (2495 success, 145 failed)
2025-11-09 00:08:54,523 - __main__ - INFO - Progress: 2650/3986 (2505 success, 145 failed)
2025-11-09 00:09:17,586 - __main__ - INFO - Progress: 2660/3986 (2515 success, 145 failed)
2025-11-09 00:09:40,425 - __main__ - INFO - Progress: 2670/3986 (2525 success, 145 failed)
2025-11-09 00:10:04,432 - __main__ - INFO - Progress: 2680/3986 (2535 success, 145 failed)
2025-11-09 00:10:27,549 - __main__ - INFO - Progress: 2690/3986 (2545 success, 145 failed)
2025-11-09 00:10:51,293 - __main__ - INFO - Progress: 2700/3986 (2555 success, 145 failed)
2025-11-09 00:11:15,207 - __main__ - INFO - Progress: 2710/3986 (2565 success, 145 failed)
2025-11-09 00:11:38,766 - __main__ - INFO - Progress: 2720/3986 (2575 success, 145 failed)
2025-11-09 00:12:02,573 - __main__ - INFO - Progress: 2730/3986 (2585 success, 145 failed)
2025-11-09 00:12:26,239 - __main__ - INFO - Progress: 2740/3986 (2595 success, 145 failed)
2025-11-09 00:12:50,422 - __main__ - INFO - Progress: 2750/3986 (2605 success, 145 failed)
2025-11-09 00:13:13,429 - __main__ - INFO - Progress: 2760/3986 (2615 success, 145 failed)
2025-11-09 00:13:37,264 - __main__ - INFO - Progress: 2770/3986 (2625 success, 145 failed)
2025-11-09 00:14:00,618 - __main__ - INFO - Progress: 2780/3986 (2635 success, 145 failed)
2025-11-09 00:14:24,700 - __main__ - INFO - Progress: 2790/3986 (2645 success, 145 failed)
2025-11-09 00:14:47,245 - __main__ - INFO - Progress: 2800/3986 (2655 success, 145 failed)
2025-11-09 00:15:12,592 - __main__ - INFO - Progress: 2810/3986 (2665 success, 145 failed)
2025-11-09 00:15:36,794 - __main__ - INFO - Progress: 2820/3986 (2675 success, 145 failed)
2025-11-09 00:16:01,775 - __main__ - INFO - Progress: 2830/3986 (2685 success, 145 failed)
2025-11-09 00:16:25,242 - __main__ - INFO - Progress: 2840/3986 (2695 success, 145 failed)
2025-11-09 00:16:48,614 - __main__ - INFO - Progress: 2850/3986 (2705 success, 145 failed)
2025-11-09 00:17:11,349 - __main__ - INFO - Progress: 2860/3986 (2715 success, 145 failed)
2025-11-09 00:17:35,283 - __main__ - INFO - Progress: 2870/3986 (2725 success, 145 failed)
2025-11-09 00:17:59,234 - __main__ - INFO - Progress: 2880/3986 (2735 success, 145 failed)
2025-11-09 00:18:22,745 - __main__ - INFO - Progress: 2890/3986 (2745 success, 145 failed)
2025-11-09 00:18:45,586 - __main__ - INFO - Progress: 2900/3986 (2755 success, 145 failed)
2025-11-09 00:19:09,932 - __main__ - INFO - Progress: 2910/3986 (2765 success, 145 failed)
2025-11-09 00:19:33,159 - __main__ - INFO - Progress: 2920/3986 (2775 success, 145 failed)
2025-11-09 00:19:56,379 - __main__ - INFO - Progress: 2930/3986 (2785 success, 145 failed)
2025-11-09 00:20:20,286 - __main__ - INFO - Progress: 2940/3986 (2795 success, 145 failed)
2025-11-09 00:20:44,201 - __main__ - INFO - Progress: 2950/3986 (2805 success, 145 failed)
2025-11-09 00:21:07,643 - __main__ - INFO - Progress: 2960/3986 (2815 success, 145 failed)
2025-11-09 00:21:32,017 - __main__ - INFO - Progress: 2970/3986 (2825 success, 145 failed)
2025-11-09 00:21:55,677 - __main__ - INFO - Progress: 2980/3986 (2835 success, 145 failed)
2025-11-09 00:22:19,333 - __main__ - INFO - Progress: 2990/3986 (2845 success, 145 failed)
2025-11-09 00:22:43,017 - __main__ - INFO - Progress: 3000/3986 (2855 success, 145 failed)
2025-11-09 00:23:06,232 - __main__ - INFO - Progress: 3010/3986 (2865 success, 145 failed)
2025-11-09 00:23:30,145 - __main__ - INFO - Progress: 3020/3986 (2875 success, 145 failed)
2025-11-09 00:23:53,193 - __main__ - INFO - Progress: 3030/3986 (2885 success, 145 failed)
2025-11-09 00:24:16,583 - __main__ - INFO - Progress: 3040/3986 (2895 success, 145 failed)
2025-11-09 00:24:39,696 - __main__ - INFO - Progress: 3050/3986 (2905 success, 145 failed)
2025-11-09 00:25:03,277 - __main__ - INFO - Progress: 3060/3986 (2915 success, 145 failed)
2025-11-09 00:25:27,184 - __main__ - INFO - Progress: 3070/3986 (2925 success, 145 failed)
2025-11-09 00:25:50,692 - __main__ - INFO - Progress: 3080/3986 (2935 success, 145 failed)
2025-11-09 00:26:13,968 - __main__ - INFO - Progress: 3090/3986 (2945 success, 145 failed)
2025-11-09 00:26:37,581 - __main__ - INFO - Progress: 3100/3986 (2955 success, 145 failed)
2025-11-09 00:27:00,420 - __main__ - INFO - Progress: 3110/3986 (2965 success, 145 failed)
2025-11-09 00:27:25,003 - __main__ - INFO - Progress: 3120/3986 (2975 success, 145 failed)
2025-11-09 00:27:48,298 - __main__ - INFO - Progress: 3130/3986 (2985 success, 145 failed)
2025-11-09 00:28:11,951 - __main__ - INFO - Progress: 3140/3986 (2995 success, 145 failed)
2025-11-09 00:28:36,360 - __main__ - INFO - Progress: 3150/3986 (3005 success, 145 failed)
2025-11-09 00:28:59,661 - __main__ - INFO - Progress: 3160/3986 (3015 success, 145 failed)
2025-11-09 00:29:23,397 - __main__ - INFO - Progress: 3170/3986 (3025 success, 145 failed)
2025-11-09 00:29:46,683 - __main__ - INFO - Progress: 3180/3986 (3035 success, 145 failed)
2025-11-09 00:30:10,555 - __main__ - INFO - Progress: 3190/3986 (3045 success, 145 failed)
2025-11-09 00:30:33,588 - __main__ - INFO - Progress: 3200/3986 (3055 success, 145 failed)
2025-11-09 00:30:56,448 - __main__ - INFO - Progress: 3210/3986 (3065 success, 145 failed)
2025-11-09 00:31:20,423 - __main__ - INFO - Progress: 3220/3986 (3075 success, 145 failed)
2025-11-09 00:31:43,971 - __main__ - INFO - Progress: 3230/3986 (3085 success, 145 failed)
2025-11-09 00:32:07,618 - __main__ - INFO - Progress: 3240/3986 (3095 success, 145 failed)
2025-11-09 00:32:31,241 - __main__ - INFO - Progress: 3250/3986 (3105 success, 145 failed)
2025-11-09 00:32:54,730 - __main__ - INFO - Progress: 3260/3986 (3115 success, 145 failed)
2025-11-09 00:33:19,018 - __main__ - INFO - Progress: 3270/3986 (3125 success, 145 failed)
2025-11-09 00:33:42,551 - __main__ - INFO - Progress: 3280/3986 (3135 success, 145 failed)
2025-11-09 00:34:06,106 - __main__ - INFO - Progress: 3290/3986 (3145 success, 145 failed)
2025-11-09 00:34:29,040 - __main__ - INFO - Progress: 3300/3986 (3155 success, 145 failed)
2025-11-09 00:34:52,841 - __main__ - INFO - Progress: 3310/3986 (3165 success, 145 failed)
2025-11-09 00:35:16,394 - __main__ - INFO - Progress: 3320/3986 (3175 success, 145 failed)
2025-11-09 00:35:39,894 - __main__ - INFO - Progress: 3330/3986 (3185 success, 145 failed)
2025-11-09 00:36:04,314 - __main__ - INFO - Progress: 3340/3986 (3195 success, 145 failed)
2025-11-09 00:36:27,479 - __main__ - INFO - Progress: 3350/3986 (3205 success, 145 failed)
2025-11-09 00:36:50,923 - __main__ - INFO - Progress: 3360/3986 (3215 success, 145 failed)
2025-11-09 00:37:14,109 - __main__ - INFO - Progress: 3370/3986 (3225 success, 145 failed)
2025-11-09 00:37:37,750 - __main__ - INFO - Progress: 3380/3986 (3235 success, 145 failed)
2025-11-09 00:38:01,229 - __main__ - INFO - Progress: 3390/3986 (3245 success, 145 failed)
2025-11-09 00:38:24,461 - __main__ - INFO - Progress: 3400/3986 (3255 success, 145 failed)
2025-11-09 00:38:47,808 - __main__ - INFO - Progress: 3410/3986 (3265 success, 145 failed)
2025-11-09 00:39:12,473 - __main__ - INFO - Progress: 3420/3986 (3275 success, 145 failed)
2025-11-09 00:39:35,154 - __main__ - INFO - Progress: 3430/3986 (3285 success, 145 failed)
2025-11-09 00:39:58,391 - __main__ - INFO - Progress: 3440/3986 (3295 success, 145 failed)
2025-11-09 00:40:21,782 - __main__ - INFO - Progress: 3450/3986 (3305 success, 145 failed)
2025-11-09 00:40:45,645 - __main__ - INFO - Progress: 3460/3986 (3315 success, 145 failed)
2025-11-09 00:41:08,480 - __main__ - INFO - Progress: 3470/3986 (3325 success, 145 failed)
2025-11-09 00:41:31,652 - __main__ - INFO - Progress: 3480/3986 (3335 success, 145 failed)
2025-11-09 00:41:54,746 - __main__ - INFO - Progress: 3490/3986 (3345 success, 145 failed)
2025-11-09 00:42:18,692 - __main__ - INFO - Progress: 3500/3986 (3355 success, 145 failed)
2025-11-09 00:42:41,595 - __main__ - INFO - Progress: 3510/3986 (3365 success, 145 failed)
2025-11-09 00:43:05,650 - __main__ - INFO - Progress: 3520/3986 (3375 success, 145 failed)
2025-11-09 00:43:30,604 - __main__ - INFO - Progress: 3530/3986 (3385 success, 145 failed)
2025-11-09 00:43:54,041 - __main__ - INFO - Progress: 3540/3986 (3395 success, 145 failed)
2025-11-09 00:44:17,804 - __main__ - INFO - Progress: 3550/3986 (3405 success, 145 failed)
2025-11-09 00:44:41,533 - __main__ - INFO - Progress: 3560/3986 (3415 success, 145 failed)
2025-11-09 00:45:04,669 - __main__ - INFO - Progress: 3570/3986 (3425 success, 145 failed)
2025-11-09 00:45:28,652 - __main__ - INFO - Progress: 3580/3986 (3435 success, 145 failed)
2025-11-09 00:45:52,578 - __main__ - INFO - Progress: 3590/3986 (3445 success, 145 failed)
2025-11-09 00:46:15,762 - __main__ - INFO - Progress: 3600/3986 (3455 success, 145 failed)
2025-11-09 00:46:38,960 - __main__ - INFO - Progress: 3610/3986 (3465 success, 145 failed)
2025-11-09 00:47:03,123 - __main__ - INFO - Progress: 3620/3986 (3475 success, 145 failed)
2025-11-09 00:47:26,577 - __main__ - INFO - Progress: 3630/3986 (3485 success, 145 failed)
2025-11-09 00:47:50,331 - __main__ - INFO - Progress: 3640/3986 (3495 success, 145 failed)
2025-11-09 00:48:14,184 - __main__ - INFO - Progress: 3650/3986 (3505 success, 145 failed)
2025-11-09 00:48:37,570 - __main__ - INFO - Progress: 3660/3986 (3515 success, 145 failed)
2025-11-09 00:49:00,837 - __main__ - INFO - Progress: 3670/3986 (3525 success, 145 failed)
2025-11-09 00:49:24,527 - __main__ - INFO - Progress: 3680/3986 (3535 success, 145 failed)
2025-11-09 00:49:47,914 - __main__ - INFO - Progress: 3690/3986 (3545 success, 145 failed)
2025-11-09 00:50:11,822 - __main__ - INFO - Progress: 3700/3986 (3555 success, 145 failed)
2025-11-09 00:50:35,722 - __main__ - INFO - Progress: 3710/3986 (3565 success, 145 failed)
2025-11-09 00:50:59,548 - __main__ - INFO - Progress: 3720/3986 (3575 success, 145 failed)
2025-11-09 00:51:24,017 - __main__ - INFO - Progress: 3730/3986 (3585 success, 145 failed)
2025-11-09 00:51:47,202 - __main__ - INFO - Progress: 3740/3986 (3595 success, 145 failed)
2025-11-09 00:52:10,943 - __main__ - INFO - Progress: 3750/3986 (3605 success, 145 failed)
2025-11-09 00:52:35,210 - __main__ - INFO - Progress: 3760/3986 (3615 success, 145 failed)
2025-11-09 00:52:59,497 - __main__ - INFO - Progress: 3770/3986 (3625 success, 145 failed)
2025-11-09 00:53:23,305 - __main__ - INFO - Progress: 3780/3986 (3635 success, 145 failed)
2025-11-09 00:53:47,056 - __main__ - INFO - Progress: 3790/3986 (3645 success, 145 failed)
2025-11-09 00:54:11,012 - __main__ - INFO - Progress: 3800/3986 (3655 success, 145 failed)
2025-11-09 00:54:35,332 - __main__ - INFO - Progress: 3810/3986 (3665 success, 145 failed)
2025-11-09 00:55:00,204 - __main__ - INFO - Progress: 3820/3986 (3675 success, 145 failed)
2025-11-09 00:55:24,414 - __main__ - INFO - Progress: 3830/3986 (3685 success, 145 failed)
2025-11-09 00:55:47,339 - __main__ - INFO - Progress: 3840/3986 (3695 success, 145 failed)
2025-11-09 00:56:11,221 - __main__ - INFO - Progress: 3850/3986 (3705 success, 145 failed)
2025-11-09 00:56:34,263 - __main__ - INFO - Progress: 3860/3986 (3715 success, 145 failed)
2025-11-09 00:56:57,338 - __main__ - INFO - Progress: 3870/3986 (3725 success, 145 failed)
2025-11-09 00:57:21,604 - __main__ - INFO - Progress: 3880/3986 (3735 success, 145 failed)
2025-11-09 00:57:44,794 - __main__ - INFO - Progress: 3890/3986 (3745 success, 145 failed)
2025-11-09 00:58:08,580 - __main__ - INFO - Progress: 3900/3986 (3755 success, 145 failed)
2025-11-09 00:58:31,643 - __main__ - INFO - Progress: 3910/3986 (3765 success, 145 failed)
2025-11-09 00:58:55,137 - __main__ - INFO - Progress: 3920/3986 (3775 success, 145 failed)
2025-11-09 00:59:19,115 - __main__ - INFO - Progress: 3930/3986 (3785 success, 145 failed)
2025-11-09 00:59:42,099 - __main__ - INFO - Progress: 3940/3986 (3795 success, 145 failed)
2025-11-09 01:00:05,809 - __main__ - INFO - Progress: 3950/3986 (3805 success, 145 failed)
2025-11-09 01:00:29,660 - __main__ - INFO - Progress: 3960/3986 (3815 success, 145 failed)
2025-11-09 01:00:53,135 - __main__ - INFO - Progress: 3970/3986 (3825 success, 145 failed)
2025-11-09 01:01:17,146 - __main__ - INFO - Progress: 3980/3986 (3835 success, 145 failed)
2025-11-09 01:01:30,859 - __main__ - INFO - ✓ Re-fetched 3841 BioPharmaDive articles (145 still failed)
2025-11-09 01:01:30,859 - __main__ - INFO - 
================================================================================
2025-11-09 01:01:30,859 - __main__ - INFO - Consolidation Summary
2025-11-09 01:01:30,859 - __main__ - INFO - ================================================================================
2025-11-09 01:01:30,950 - __main__ - INFO - Total articles: 50463
2025-11-09 01:01:30,950 - __main__ - INFO -   BioPharma Dive: 3971
2025-11-09 01:01:30,950 - __main__ - INFO -   BioPharmaDealmakers: 1197
2025-11-09 01:01:30,950 - __main__ - INFO -   Endpoints News: 19790
2025-11-09 01:01:30,950 - __main__ - INFO -   FierceBiotech: 13749
2025-11-09 01:01:30,950 - __main__ - INFO -   FiercePharma: 11756
2025-11-09 01:01:30,950 - __main__ - INFO - 
================================================================================
2025-11-09 01:01:30,950 - __main__ - INFO - Title Deduplication
2025-11-09 01:01:30,950 - __main__ - INFO - ================================================================================
2025-11-09 01:01:30,965 - __main__ - INFO - Title deduplication: 50463 → 50463 (0 removed)
2025-11-09 01:01:30,965 - __main__ - INFO - 
================================================================================
2025-11-09 01:01:30,965 - __main__ - INFO - Saving Consolidated Checkpoint
2025-11-09 01:01:30,965 - __main__ - INFO - ================================================================================
2025-11-09 01:01:34,995 - __main__ - INFO - ✓ Saved 50463 deduplicated articles to output/fetch_checkpoint.json
2025-11-09 01:01:34,995 - __main__ - INFO - 
✅ Done! Run step2 with --skip-crawl --filter-only to continue pipeline
